TpTrace Verbose: 0 : 25904, 1, 2023/02/16, 16:31:31.169, 1375488516552, vstest.console.dll, Version: 17.4.0-release-20221019-01 Current process architecture: X64
TpTrace Verbose: 0 : 25904, 1, 2023/02/16, 16:31:31.171, 1375488533933, vstest.console.dll, Runtime location: C:\Program Files\dotnet\shared\Microsoft.NETCore.App\7.0.2
TpTrace Verbose: 0 : 25904, 1, 2023/02/16, 16:31:31.173, 1375488558850, vstest.console.dll, ArtifactProcessingPostProcessModeProcessorExecutor.Initialize: ArtifactProcessingMode.Collect
TpTrace Verbose: 0 : 25904, 1, 2023/02/16, 16:31:31.173, 1375488560548, vstest.console.dll, TestSessionCorrelationIdProcessorModeProcessorExecutor.Initialize: TestSessionCorrelationId '37800_512c3cb5-869b-49ac-8f51-dc1d9ca5f48c'
TpTrace Information: 0 : 25904, 1, 2023/02/16, 16:31:31.180, 1375488627967, vstest.console.dll, FilePatternParser: The given file C:\Users\mpcat\RevatureTraining\MasonC\Interviews\Geico\SpecFlowIntro\SpecFlowIntro\bin\Debug\net6.0\fine-code-coverage\build-output\SpecFlowIntro.dll is a full path.
TpTrace Verbose: 0 : 25904, 1, 2023/02/16, 16:31:31.185, 1375488683483, vstest.console.dll, TestPluginCache.DiscoverTestExtensions: finding test extensions in assemblies ends with: RuntimeProvider.dll TPluginInfo: Microsoft.VisualStudio.TestPlatform.Common.ExtensionFramework.Utilities.TestRuntimePluginInformation TExtension: Microsoft.VisualStudio.TestPlatform.ObjectModel.Host.ITestRuntimeProvider
TpTrace Verbose: 0 : 25904, 1, 2023/02/16, 16:31:31.186, 1375488685476, vstest.console.dll, TestPluginCache.GetExtensionPaths: Filtered extension paths: 
TpTrace Verbose: 0 : 25904, 1, 2023/02/16, 16:31:31.186, 1375488686013, vstest.console.dll, TestPluginCache.GetExtensionPaths: Added default extension paths: C:\Program Files\dotnet\sdk\7.0.102\Extensions\Microsoft.Diagnostics.NETCore.Client.dll
C:\Program Files\dotnet\sdk\7.0.102\Extensions\Microsoft.TestPlatform.Extensions.BlameDataCollector.dll
C:\Program Files\dotnet\sdk\7.0.102\Extensions\Microsoft.TestPlatform.Extensions.EventLogCollector.dll
C:\Program Files\dotnet\sdk\7.0.102\Extensions\Microsoft.TestPlatform.TestHostRuntimeProvider.dll
C:\Program Files\dotnet\sdk\7.0.102\Extensions\Microsoft.VisualStudio.TestPlatform.Extensions.Html.TestLogger.dll
C:\Program Files\dotnet\sdk\7.0.102\Extensions\Microsoft.VisualStudio.TestPlatform.Extensions.Trx.TestLogger.dll
TpTrace Verbose: 0 : 25904, 1, 2023/02/16, 16:31:31.186, 1375488686251, vstest.console.dll, TestPluginCache.GetExtensionPaths: Added unfilterableExtensionPaths: 
TpTrace Information: 0 : 25904, 1, 2023/02/16, 16:31:31.186, 1375488691425, vstest.console.dll, AssemblyResolver.ctor: Creating AssemblyResolver with searchDirectories C:\Program Files\dotnet\sdk\7.0.102\Extensions,C:\Program Files\dotnet\sdk\7.0.102
TpTrace Verbose: 0 : 25904, 1, 2023/02/16, 16:31:31.187, 1375488700283, vstest.console.dll, TestPluginCache.DiscoverTestExtensions: Discovering the extensions using extension path.
TpTrace Verbose: 0 : 25904, 1, 2023/02/16, 16:31:31.187, 1375488701101, vstest.console.dll, TestPluginCache.GetExtensionPaths: Filtered extension paths: 
TpTrace Verbose: 0 : 25904, 1, 2023/02/16, 16:31:31.187, 1375488701335, vstest.console.dll, TestPluginCache.GetExtensionPaths: Added default extension paths: C:\Program Files\dotnet\sdk\7.0.102\Extensions\Microsoft.Diagnostics.NETCore.Client.dll
C:\Program Files\dotnet\sdk\7.0.102\Extensions\Microsoft.TestPlatform.Extensions.BlameDataCollector.dll
C:\Program Files\dotnet\sdk\7.0.102\Extensions\Microsoft.TestPlatform.Extensions.EventLogCollector.dll
C:\Program Files\dotnet\sdk\7.0.102\Extensions\Microsoft.TestPlatform.TestHostRuntimeProvider.dll
C:\Program Files\dotnet\sdk\7.0.102\Extensions\Microsoft.VisualStudio.TestPlatform.Extensions.Html.TestLogger.dll
C:\Program Files\dotnet\sdk\7.0.102\Extensions\Microsoft.VisualStudio.TestPlatform.Extensions.Trx.TestLogger.dll
TpTrace Verbose: 0 : 25904, 1, 2023/02/16, 16:31:31.187, 1375488701553, vstest.console.dll, TestPluginCache.GetExtensionPaths: Added unfilterableExtensionPaths: 
TpTrace Verbose: 0 : 25904, 1, 2023/02/16, 16:31:31.187, 1375488702089, vstest.console.dll, TestPluginCache.DiscoverTestExtensions: Discovering the extensions using allExtensionPaths: C:\Program Files\dotnet\sdk\7.0.102\Extensions\Microsoft.Diagnostics.NETCore.Client.dll
C:\Program Files\dotnet\sdk\7.0.102\Extensions\Microsoft.TestPlatform.Extensions.BlameDataCollector.dll
C:\Program Files\dotnet\sdk\7.0.102\Extensions\Microsoft.TestPlatform.Extensions.EventLogCollector.dll
C:\Program Files\dotnet\sdk\7.0.102\Extensions\Microsoft.TestPlatform.TestHostRuntimeProvider.dll
C:\Program Files\dotnet\sdk\7.0.102\Extensions\Microsoft.VisualStudio.TestPlatform.Extensions.Html.TestLogger.dll
C:\Program Files\dotnet\sdk\7.0.102\Extensions\Microsoft.VisualStudio.TestPlatform.Extensions.Trx.TestLogger.dll
TpTrace Information: 0 : 25904, 1, 2023/02/16, 16:31:31.187, 1375488703135, vstest.console.dll, AssemblyResolver.AddSearchDirectories: Adding more searchDirectories C:\Program Files\dotnet\sdk\7.0.102\Extensions,C:\Program Files\dotnet\sdk\7.0.102
TpTrace Information: 0 : 25904, 1, 2023/02/16, 16:31:31.187, 1375488703461, vstest.console.dll, AssemblyResolver.AddSearchDirectories: Adding more searchDirectories C:\Program Files\dotnet\sdk\7.0.102\Extensions,C:\Program Files\dotnet\sdk\7.0.102
TpTrace Information: 0 : 25904, 1, 2023/02/16, 16:31:31.188, 1375488703649, vstest.console.dll, AssemblyResolver.AddSearchDirectories: Adding more searchDirectories C:\Program Files\dotnet\sdk\7.0.102\Extensions,C:\Program Files\dotnet\sdk\7.0.102
TpTrace Information: 0 : 25904, 1, 2023/02/16, 16:31:31.188, 1375488703848, vstest.console.dll, AssemblyResolver.AddSearchDirectories: Adding more searchDirectories C:\Program Files\dotnet\sdk\7.0.102\Extensions,C:\Program Files\dotnet\sdk\7.0.102
TpTrace Information: 0 : 25904, 1, 2023/02/16, 16:31:31.188, 1375488704014, vstest.console.dll, AssemblyResolver.AddSearchDirectories: Adding more searchDirectories C:\Program Files\dotnet\sdk\7.0.102\Extensions,C:\Program Files\dotnet\sdk\7.0.102
TpTrace Information: 0 : 25904, 1, 2023/02/16, 16:31:31.188, 1375488704179, vstest.console.dll, AssemblyResolver.AddSearchDirectories: Adding more searchDirectories C:\Program Files\dotnet\sdk\7.0.102\Extensions,C:\Program Files\dotnet\sdk\7.0.102
TpTrace Information: 0 : 25904, 1, 2023/02/16, 16:31:31.188, 1375488707024, vstest.console.dll, AssemblyResolver.OnResolve: Microsoft.Diagnostics.NETCore.Client: Resolving assembly.
TpTrace Information: 0 : 25904, 1, 2023/02/16, 16:31:31.188, 1375488707448, vstest.console.dll, AssemblyResolver.OnResolve: Microsoft.Diagnostics.NETCore.Client: Searching in: 'C:\Program Files\dotnet\sdk\7.0.102\Extensions'.
TpTrace Information: 0 : 25904, 1, 2023/02/16, 16:31:31.194, 1375488763738, vstest.console.dll, AssemblyResolver.OnResolve: Microsoft.Diagnostics.NETCore.Client: Loading assembly 'C:\Program Files\dotnet\sdk\7.0.102\Extensions\Microsoft.Diagnostics.NETCore.Client.dll'.
TpTrace Information: 0 : 25904, 1, 2023/02/16, 16:31:31.194, 1375488770285, vstest.console.dll, AssemblyResolver.OnResolve: Resolved assembly: Microsoft.Diagnostics.NETCore.Client, from path: C:\Program Files\dotnet\sdk\7.0.102\Extensions\Microsoft.Diagnostics.NETCore.Client.dll
TpTrace Verbose: 0 : 25904, 1, 2023/02/16, 16:31:31.195, 1375488778142, vstest.console.dll, MetadataReaderExtensionsHelper: Discovering extensions inside assembly 'Microsoft.Diagnostics.NETCore.Client, Version=0.2.6.42401, Culture=neutral, PublicKeyToken=31bf3856ad364e35' file path 'C:\Program Files\dotnet\sdk\7.0.102\Extensions\Microsoft.Diagnostics.NETCore.Client.dll'
TpTrace Information: 0 : 25904, 1, 2023/02/16, 16:31:31.198, 1375488807199, vstest.console.dll, AssemblyResolver.OnResolve: Microsoft.Bcl.AsyncInterfaces: Resolving assembly.
TpTrace Information: 0 : 25904, 1, 2023/02/16, 16:31:31.198, 1375488807649, vstest.console.dll, AssemblyResolver.OnResolve: Microsoft.Bcl.AsyncInterfaces: Searching in: 'C:\Program Files\dotnet\sdk\7.0.102\Extensions'.
TpTrace Information: 0 : 25904, 1, 2023/02/16, 16:31:31.198, 1375488808293, vstest.console.dll, AssemblyResolver.OnResolve: Microsoft.Bcl.AsyncInterfaces: Assembly path does not exist: 'C:\Program Files\dotnet\sdk\7.0.102\Extensions\Microsoft.Bcl.AsyncInterfaces.dll', returning.
TpTrace Information: 0 : 25904, 1, 2023/02/16, 16:31:31.198, 1375488809183, vstest.console.dll, AssemblyResolver.OnResolve: Microsoft.Bcl.AsyncInterfaces: Assembly path does not exist: 'C:\Program Files\dotnet\sdk\7.0.102\Extensions\Microsoft.Bcl.AsyncInterfaces.exe', returning.
TpTrace Information: 0 : 25904, 1, 2023/02/16, 16:31:31.198, 1375488809470, vstest.console.dll, AssemblyResolver.OnResolve: Microsoft.Bcl.AsyncInterfaces: Searching in: 'C:\Program Files\dotnet\sdk\7.0.102'.
TpTrace Information: 0 : 25904, 1, 2023/02/16, 16:31:31.198, 1375488810016, vstest.console.dll, AssemblyResolver.OnResolve: Microsoft.Bcl.AsyncInterfaces: Assembly path does not exist: 'C:\Program Files\dotnet\sdk\7.0.102\Microsoft.Bcl.AsyncInterfaces.dll', returning.
TpTrace Information: 0 : 25904, 1, 2023/02/16, 16:31:31.198, 1375488810420, vstest.console.dll, AssemblyResolver.OnResolve: Microsoft.Bcl.AsyncInterfaces: Assembly path does not exist: 'C:\Program Files\dotnet\sdk\7.0.102\Microsoft.Bcl.AsyncInterfaces.exe', returning.
TpTrace Information: 0 : 25904, 1, 2023/02/16, 16:31:31.198, 1375488810596, vstest.console.dll, AssemblyResolver.OnResolve: Microsoft.Bcl.AsyncInterfaces: Failed to load assembly.
TpTrace Verbose: 0 : 25904, 1, 2023/02/16, 16:31:31.198, 1375488810816, vstest.console.dll, CurrentDomainAssemblyResolve: Resolving assembly 'Microsoft.Bcl.AsyncInterfaces'.
TpTrace Information: 0 : 25904, 1, 2023/02/16, 16:31:31.198, 1375488811189, vstest.console.dll, AssemblyResolver.OnResolve: Microsoft.Bcl.AsyncInterfaces: Resolving assembly.
TpTrace Information: 0 : 25904, 1, 2023/02/16, 16:31:31.198, 1375488811420, vstest.console.dll, AssemblyResolver.OnResolve: Microsoft.Bcl.AsyncInterfaces: Resolved from cache.
TpTrace Verbose: 0 : 25904, 1, 2023/02/16, 16:31:31.198, 1375488811582, vstest.console.dll, CurrentDomainAssemblyResolve: Resolving assembly 'Microsoft.Bcl.AsyncInterfaces'.
TpTrace Verbose: 0 : 25904, 1, 2023/02/16, 16:31:31.198, 1375488811836, vstest.console.dll, CurrentDomainAssemblyResolve: Failed to resolve assembly 'Microsoft.Bcl.AsyncInterfaces'.
TpTrace Verbose: 0 : 25904, 1, 2023/02/16, 16:31:31.199, 1375488818346, vstest.console.dll, CurrentDomainAssemblyResolve: Failed to resolve assembly 'Microsoft.Bcl.AsyncInterfaces'.
TpTrace Warning: 0 : 25904, 1, 2023/02/16, 16:31:31.204, 1375488866876, vstest.console.dll, TestPluginDiscoverer: Failed to get types from assembly 'Microsoft.Diagnostics.NETCore.Client, Version=0.2.6.42401, Culture=neutral, PublicKeyToken=31bf3856ad364e35'. Error: System.Reflection.ReflectionTypeLoadException: Unable to load one or more of the requested types.
Could not load file or assembly 'Microsoft.Bcl.AsyncInterfaces, Version=1.0.0.0, Culture=neutral, PublicKeyToken=cc7b13ffcd2ddd51'. The system cannot find the file specified.
   at System.Reflection.RuntimeModule.GetTypes(RuntimeModule module)
   at System.Reflection.Assembly.GetTypes()
   at Microsoft.VisualStudio.TestPlatform.Common.ExtensionFramework.TestPluginDiscoverer.GetTestExtensionsFromAssembly[TPluginInfo,TExtension](Assembly assembly, Dictionary`2 pluginInfos, String filePath)
System.IO.FileNotFoundException: Could not load file or assembly 'Microsoft.Bcl.AsyncInterfaces, Version=1.0.0.0, Culture=neutral, PublicKeyToken=cc7b13ffcd2ddd51'. The system cannot find the file specified.
File name: 'Microsoft.Bcl.AsyncInterfaces, Version=1.0.0.0, Culture=neutral, PublicKeyToken=cc7b13ffcd2ddd51'
 ---> System.IO.FileNotFoundException: Could not load file or assembly 'Microsoft.Bcl.AsyncInterfaces, Culture=neutral, PublicKeyToken=null'. The system cannot find the file specified.
File name: 'Microsoft.Bcl.AsyncInterfaces, Culture=neutral, PublicKeyToken=null'
   at System.Reflection.RuntimeAssembly.InternalLoad(AssemblyName assemblyName, StackCrawlMark& stackMark, AssemblyLoadContext assemblyLoadContext, RuntimeAssembly requestingAssembly, Boolean throwOnFileNotFound)
   at System.Reflection.Assembly.Load(AssemblyName assemblyRef)
   at Microsoft.VisualStudio.TestPlatform.Common.ExtensionFramework.TestPluginCache.CurrentDomainAssemblyResolve(Object sender, AssemblyResolveEventArgs args)
   at System.Runtime.Loader.AssemblyLoadContext.GetFirstResolvedAssemblyFromResolvingEvent(AssemblyName assemblyName)
   at System.Runtime.Loader.AssemblyLoadContext.ResolveUsingEvent(AssemblyName assemblyName)
   at System.Runtime.Loader.AssemblyLoadContext.ResolveUsingResolvingEvent(IntPtr gchManagedAssemblyLoadContext, AssemblyName assemblyName)
TpTrace Warning: 0 : 25904, 1, 2023/02/16, 16:31:31.204, 1375488871830, vstest.console.dll, LoaderExceptions: System.IO.FileNotFoundException: Could not load file or assembly 'Microsoft.Bcl.AsyncInterfaces, Version=1.0.0.0, Culture=neutral, PublicKeyToken=cc7b13ffcd2ddd51'. The system cannot find the file specified.
File name: 'Microsoft.Bcl.AsyncInterfaces, Version=1.0.0.0, Culture=neutral, PublicKeyToken=cc7b13ffcd2ddd51'
 ---> System.IO.FileNotFoundException: Could not load file or assembly 'Microsoft.Bcl.AsyncInterfaces, Culture=neutral, PublicKeyToken=null'. The system cannot find the file specified.
File name: 'Microsoft.Bcl.AsyncInterfaces, Culture=neutral, PublicKeyToken=null'
   at System.Reflection.RuntimeAssembly.InternalLoad(AssemblyName assemblyName, StackCrawlMark& stackMark, AssemblyLoadContext assemblyLoadContext, RuntimeAssembly requestingAssembly, Boolean throwOnFileNotFound)
   at System.Reflection.Assembly.Load(AssemblyName assemblyRef)
   at Microsoft.VisualStudio.TestPlatform.Common.ExtensionFramework.TestPluginCache.CurrentDomainAssemblyResolve(Object sender, AssemblyResolveEventArgs args)
   at System.Runtime.Loader.AssemblyLoadContext.GetFirstResolvedAssemblyFromResolvingEvent(AssemblyName assemblyName)
   at System.Runtime.Loader.AssemblyLoadContext.ResolveUsingEvent(AssemblyName assemblyName)
   at System.Runtime.Loader.AssemblyLoadContext.ResolveUsingResolvingEvent(IntPtr gchManagedAssemblyLoadContext, AssemblyName assemblyName)
TpTrace Information: 0 : 25904, 1, 2023/02/16, 16:31:31.205, 1375488874575, vstest.console.dll, AssemblyResolver.OnResolve: Microsoft.TestPlatform.Extensions.BlameDataCollector: Resolving assembly.
TpTrace Information: 0 : 25904, 1, 2023/02/16, 16:31:31.205, 1375488874877, vstest.console.dll, AssemblyResolver.OnResolve: Microsoft.TestPlatform.Extensions.BlameDataCollector: Searching in: 'C:\Program Files\dotnet\sdk\7.0.102\Extensions'.
TpTrace Information: 0 : 25904, 1, 2023/02/16, 16:31:31.205, 1375488880407, vstest.console.dll, AssemblyResolver.OnResolve: Microsoft.TestPlatform.Extensions.BlameDataCollector: Loading assembly 'C:\Program Files\dotnet\sdk\7.0.102\Extensions\Microsoft.TestPlatform.Extensions.BlameDataCollector.dll'.
TpTrace Information: 0 : 25904, 1, 2023/02/16, 16:31:31.206, 1375488885459, vstest.console.dll, AssemblyResolver.OnResolve: Resolved assembly: Microsoft.TestPlatform.Extensions.BlameDataCollector, from path: C:\Program Files\dotnet\sdk\7.0.102\Extensions\Microsoft.TestPlatform.Extensions.BlameDataCollector.dll
TpTrace Verbose: 0 : 25904, 1, 2023/02/16, 16:31:31.206, 1375488886055, vstest.console.dll, MetadataReaderExtensionsHelper: Discovering extensions inside assembly 'Microsoft.TestPlatform.Extensions.BlameDataCollector, Version=15.0.0.0, Culture=neutral, PublicKeyToken=b03f5f7f11d50a3a' file path 'C:\Program Files\dotnet\sdk\7.0.102\Extensions\Microsoft.TestPlatform.Extensions.BlameDataCollector.dll'
TpTrace Information: 0 : 25904, 1, 2023/02/16, 16:31:31.207, 1375488900029, vstest.console.dll, AssemblyResolver.OnResolve: Microsoft.TestPlatform.Extensions.EventLogCollector: Resolving assembly.
TpTrace Information: 0 : 25904, 1, 2023/02/16, 16:31:31.207, 1375488900409, vstest.console.dll, AssemblyResolver.OnResolve: Microsoft.TestPlatform.Extensions.EventLogCollector: Searching in: 'C:\Program Files\dotnet\sdk\7.0.102\Extensions'.
TpTrace Information: 0 : 25904, 1, 2023/02/16, 16:31:31.207, 1375488903206, vstest.console.dll, AssemblyResolver.OnResolve: Microsoft.TestPlatform.Extensions.EventLogCollector: Loading assembly 'C:\Program Files\dotnet\sdk\7.0.102\Extensions\Microsoft.TestPlatform.Extensions.EventLogCollector.dll'.
TpTrace Information: 0 : 25904, 1, 2023/02/16, 16:31:31.208, 1375488906992, vstest.console.dll, AssemblyResolver.OnResolve: Resolved assembly: Microsoft.TestPlatform.Extensions.EventLogCollector, from path: C:\Program Files\dotnet\sdk\7.0.102\Extensions\Microsoft.TestPlatform.Extensions.EventLogCollector.dll
TpTrace Verbose: 0 : 25904, 1, 2023/02/16, 16:31:31.208, 1375488907472, vstest.console.dll, MetadataReaderExtensionsHelper: Discovering extensions inside assembly 'Microsoft.TestPlatform.Extensions.EventLogCollector, Version=15.0.0.0, Culture=neutral, PublicKeyToken=b03f5f7f11d50a3a' file path 'C:\Program Files\dotnet\sdk\7.0.102\Extensions\Microsoft.TestPlatform.Extensions.EventLogCollector.dll'
TpTrace Information: 0 : 25904, 1, 2023/02/16, 16:31:31.209, 1375488919083, vstest.console.dll, AssemblyResolver.OnResolve: Microsoft.TestPlatform.TestHostRuntimeProvider: Resolving assembly.
TpTrace Information: 0 : 25904, 1, 2023/02/16, 16:31:31.209, 1375488919626, vstest.console.dll, AssemblyResolver.OnResolve: Microsoft.TestPlatform.TestHostRuntimeProvider: Searching in: 'C:\Program Files\dotnet\sdk\7.0.102\Extensions'.
TpTrace Information: 0 : 25904, 1, 2023/02/16, 16:31:31.209, 1375488922326, vstest.console.dll, AssemblyResolver.OnResolve: Microsoft.TestPlatform.TestHostRuntimeProvider: Loading assembly 'C:\Program Files\dotnet\sdk\7.0.102\Extensions\Microsoft.TestPlatform.TestHostRuntimeProvider.dll'.
TpTrace Information: 0 : 25904, 1, 2023/02/16, 16:31:31.210, 1375488925579, vstest.console.dll, AssemblyResolver.OnResolve: Resolved assembly: Microsoft.TestPlatform.TestHostRuntimeProvider, from path: C:\Program Files\dotnet\sdk\7.0.102\Extensions\Microsoft.TestPlatform.TestHostRuntimeProvider.dll
TpTrace Verbose: 0 : 25904, 1, 2023/02/16, 16:31:31.210, 1375488926005, vstest.console.dll, MetadataReaderExtensionsHelper: Discovering extensions inside assembly 'Microsoft.TestPlatform.TestHostRuntimeProvider, Version=15.0.0.0, Culture=neutral, PublicKeyToken=b03f5f7f11d50a3a' file path 'C:\Program Files\dotnet\sdk\7.0.102\Extensions\Microsoft.TestPlatform.TestHostRuntimeProvider.dll'
TpTrace Information: 0 : 25904, 1, 2023/02/16, 16:31:31.211, 1375488938030, vstest.console.dll, GetTestExtensionFromType: Register extension with identifier data 'HostProvider://DefaultTestHost' and type 'Microsoft.VisualStudio.TestPlatform.CrossPlatEngine.Hosting.DefaultTestHostManager, Microsoft.TestPlatform.TestHostRuntimeProvider, Version=15.0.0.0, Culture=neutral, PublicKeyToken=b03f5f7f11d50a3a' inside file 'C:\Program Files\dotnet\sdk\7.0.102\Extensions\Microsoft.TestPlatform.TestHostRuntimeProvider.dll'
TpTrace Information: 0 : 25904, 1, 2023/02/16, 16:31:31.211, 1375488939763, vstest.console.dll, GetTestExtensionFromType: Register extension with identifier data 'HostProvider://DotnetTestHost' and type 'Microsoft.VisualStudio.TestPlatform.CrossPlatEngine.Hosting.DotnetTestHostManager, Microsoft.TestPlatform.TestHostRuntimeProvider, Version=15.0.0.0, Culture=neutral, PublicKeyToken=b03f5f7f11d50a3a' inside file 'C:\Program Files\dotnet\sdk\7.0.102\Extensions\Microsoft.TestPlatform.TestHostRuntimeProvider.dll'
TpTrace Information: 0 : 25904, 1, 2023/02/16, 16:31:31.211, 1375488940434, vstest.console.dll, AssemblyResolver.OnResolve: Microsoft.VisualStudio.TestPlatform.Extensions.Html.TestLogger: Resolving assembly.
TpTrace Information: 0 : 25904, 1, 2023/02/16, 16:31:31.211, 1375488940811, vstest.console.dll, AssemblyResolver.OnResolve: Microsoft.VisualStudio.TestPlatform.Extensions.Html.TestLogger: Searching in: 'C:\Program Files\dotnet\sdk\7.0.102\Extensions'.
TpTrace Information: 0 : 25904, 1, 2023/02/16, 16:31:31.212, 1375488944555, vstest.console.dll, AssemblyResolver.OnResolve: Microsoft.VisualStudio.TestPlatform.Extensions.Html.TestLogger: Loading assembly 'C:\Program Files\dotnet\sdk\7.0.102\Extensions\Microsoft.VisualStudio.TestPlatform.Extensions.Html.TestLogger.dll'.
TpTrace Information: 0 : 25904, 1, 2023/02/16, 16:31:31.212, 1375488948389, vstest.console.dll, AssemblyResolver.OnResolve: Resolved assembly: Microsoft.VisualStudio.TestPlatform.Extensions.Html.TestLogger, from path: C:\Program Files\dotnet\sdk\7.0.102\Extensions\Microsoft.VisualStudio.TestPlatform.Extensions.Html.TestLogger.dll
TpTrace Verbose: 0 : 25904, 1, 2023/02/16, 16:31:31.212, 1375488948893, vstest.console.dll, MetadataReaderExtensionsHelper: Discovering extensions inside assembly 'Microsoft.VisualStudio.TestPlatform.Extensions.Html.TestLogger, Version=15.0.0.0, Culture=neutral, PublicKeyToken=b03f5f7f11d50a3a' file path 'C:\Program Files\dotnet\sdk\7.0.102\Extensions\Microsoft.VisualStudio.TestPlatform.Extensions.Html.TestLogger.dll'
TpTrace Information: 0 : 25904, 1, 2023/02/16, 16:31:31.213, 1375488957377, vstest.console.dll, AssemblyResolver.OnResolve: Microsoft.VisualStudio.TestPlatform.Extensions.Trx.TestLogger: Resolving assembly.
TpTrace Information: 0 : 25904, 1, 2023/02/16, 16:31:31.213, 1375488957971, vstest.console.dll, AssemblyResolver.OnResolve: Microsoft.VisualStudio.TestPlatform.Extensions.Trx.TestLogger: Searching in: 'C:\Program Files\dotnet\sdk\7.0.102\Extensions'.
TpTrace Information: 0 : 25904, 1, 2023/02/16, 16:31:31.213, 1375488961248, vstest.console.dll, AssemblyResolver.OnResolve: Microsoft.VisualStudio.TestPlatform.Extensions.Trx.TestLogger: Loading assembly 'C:\Program Files\dotnet\sdk\7.0.102\Extensions\Microsoft.VisualStudio.TestPlatform.Extensions.Trx.TestLogger.dll'.
TpTrace Information: 0 : 25904, 1, 2023/02/16, 16:31:31.214, 1375488965603, vstest.console.dll, AssemblyResolver.OnResolve: Resolved assembly: Microsoft.VisualStudio.TestPlatform.Extensions.Trx.TestLogger, from path: C:\Program Files\dotnet\sdk\7.0.102\Extensions\Microsoft.VisualStudio.TestPlatform.Extensions.Trx.TestLogger.dll
TpTrace Verbose: 0 : 25904, 1, 2023/02/16, 16:31:31.214, 1375488966098, vstest.console.dll, MetadataReaderExtensionsHelper: Discovering extensions inside assembly 'Microsoft.VisualStudio.TestPlatform.Extensions.Trx.TestLogger, Version=15.0.0.0, Culture=neutral, PublicKeyToken=b03f5f7f11d50a3a' file path 'C:\Program Files\dotnet\sdk\7.0.102\Extensions\Microsoft.VisualStudio.TestPlatform.Extensions.Trx.TestLogger.dll'
TpTrace Verbose: 0 : 25904, 1, 2023/02/16, 16:31:31.215, 1375488974525, vstest.console.dll, TestPluginCache: Discovered the extensions using extension path ''.
TpTrace Verbose: 0 : 25904, 1, 2023/02/16, 16:31:31.215, 1375488975005, vstest.console.dll, TestPluginCache: Discoverers are ''.
TpTrace Verbose: 0 : 25904, 1, 2023/02/16, 16:31:31.215, 1375488975181, vstest.console.dll, TestPluginCache: Executors are ''.
TpTrace Verbose: 0 : 25904, 1, 2023/02/16, 16:31:31.215, 1375488975327, vstest.console.dll, TestPluginCache: Executors2 are ''.
TpTrace Verbose: 0 : 25904, 1, 2023/02/16, 16:31:31.215, 1375488975468, vstest.console.dll, TestPluginCache: Setting providers are ''.
TpTrace Verbose: 0 : 25904, 1, 2023/02/16, 16:31:31.215, 1375488975609, vstest.console.dll, TestPluginCache: Loggers are ''.
TpTrace Verbose: 0 : 25904, 1, 2023/02/16, 16:31:31.215, 1375488976401, vstest.console.dll, TestPluginCache: TestHosts are 'HostProvider://DefaultTestHost,HostProvider://DotnetTestHost'.
TpTrace Verbose: 0 : 25904, 1, 2023/02/16, 16:31:31.215, 1375488976622, vstest.console.dll, TestPluginCache: DataCollectors are ''.
TpTrace Information: 0 : 25904, 1, 2023/02/16, 16:31:31.222, 1375489048787, vstest.console.dll, RunTestsArgumentProcessor:Execute: Test run is starting.
TpTrace Verbose: 0 : 25904, 1, 2023/02/16, 16:31:31.222, 1375489050052, vstest.console.dll, RunTestsArgumentProcessor:Execute: Queuing Test run.
TpTrace Information: 0 : 25904, 1, 2023/02/16, 16:31:31.222, 1375489052292, vstest.console.dll, TestRequestManager.RunTests: run tests started.
TpTrace Information: 0 : 25904, 1, 2023/02/16, 16:31:31.224, 1375489068785, vstest.console.dll, AssemblyMetadataProvider.GetFrameworkName: Determined framework:'.NETCoreApp,Version=v6.0' for source: 'C:\Users\mpcat\RevatureTraining\MasonC\Interviews\Geico\SpecFlowIntro\SpecFlowIntro\bin\Debug\net6.0\fine-code-coverage\build-output\SpecFlowIntro.dll'
TpTrace Information: 0 : 25904, 1, 2023/02/16, 16:31:31.224, 1375489070556, vstest.console.dll, Determined framework for all sources: .NETCoreApp,Version=v6.0
TpTrace Verbose: 0 : 25904, 1, 2023/02/16, 16:31:31.225, 1375489073870, vstest.console.dll, TestRequestManager.UpdateRunSettingsIfRequired: Default architecture: X64 IsDefaultTargetArchitecture: True, Current process architecture: X64 OperatingSystem: Windows.
TpTrace Information: 0 : 25904, 1, 2023/02/16, 16:31:31.226, 1375489090723, vstest.console.dll, AssemblyMetadataProvider.GetArchitecture: Determined architecture:AnyCPU info for assembly: C:\Users\mpcat\RevatureTraining\MasonC\Interviews\Geico\SpecFlowIntro\SpecFlowIntro\bin\Debug\net6.0\fine-code-coverage\build-output\SpecFlowIntro.dll
TpTrace Information: 0 : 25904, 1, 2023/02/16, 16:31:31.226, 1375489091419, vstest.console.dll, Determined platform for source 'C:\Users\mpcat\RevatureTraining\MasonC\Interviews\Geico\SpecFlowIntro\SpecFlowIntro\bin\Debug\net6.0\fine-code-coverage\build-output\SpecFlowIntro.dll' was AnyCPU and it will use the default plaform X64.
TpTrace Information: 0 : 25904, 1, 2023/02/16, 16:31:31.226, 1375489091611, vstest.console.dll, None of the sources provided any runnable platform, using the default platform: X64
TpTrace Information: 0 : 25904, 1, 2023/02/16, 16:31:31.226, 1375489092440, vstest.console.dll, Platform was updated to 'X64'.
TpTrace Information: 0 : 25904, 1, 2023/02/16, 16:31:31.230, 1375489132076, vstest.console.dll, InferRunSettingsHelper.IsTestSettingsEnabled: Unable to navigate to RunSettings/MSTest. Current node: RunSettings
TpTrace Information: 0 : 25904, 1, 2023/02/16, 16:31:31.231, 1375489138782, vstest.console.dll, AssemblyResolver.OnResolve: Microsoft.VisualStudio.TestPlatform.Fakes: Resolving assembly.
TpTrace Information: 0 : 25904, 1, 2023/02/16, 16:31:31.231, 1375489139431, vstest.console.dll, AssemblyResolver.OnResolve: Microsoft.VisualStudio.TestPlatform.Fakes: Searching in: 'C:\Program Files\dotnet\sdk\7.0.102\Extensions'.
TpTrace Information: 0 : 25904, 1, 2023/02/16, 16:31:31.231, 1375489142082, vstest.console.dll, AssemblyResolver.OnResolve: Microsoft.VisualStudio.TestPlatform.Fakes: Assembly path does not exist: 'C:\Program Files\dotnet\sdk\7.0.102\Extensions\Microsoft.VisualStudio.TestPlatform.Fakes.dll', returning.
TpTrace Information: 0 : 25904, 1, 2023/02/16, 16:31:31.231, 1375489142767, vstest.console.dll, AssemblyResolver.OnResolve: Microsoft.VisualStudio.TestPlatform.Fakes: Assembly path does not exist: 'C:\Program Files\dotnet\sdk\7.0.102\Extensions\Microsoft.VisualStudio.TestPlatform.Fakes.exe', returning.
TpTrace Information: 0 : 25904, 1, 2023/02/16, 16:31:31.231, 1375489143023, vstest.console.dll, AssemblyResolver.OnResolve: Microsoft.VisualStudio.TestPlatform.Fakes: Searching in: 'C:\Program Files\dotnet\sdk\7.0.102'.
TpTrace Information: 0 : 25904, 1, 2023/02/16, 16:31:31.232, 1375489144820, vstest.console.dll, AssemblyResolver.OnResolve: Microsoft.VisualStudio.TestPlatform.Fakes: Assembly path does not exist: 'C:\Program Files\dotnet\sdk\7.0.102\Microsoft.VisualStudio.TestPlatform.Fakes.dll', returning.
TpTrace Information: 0 : 25904, 1, 2023/02/16, 16:31:31.232, 1375489145478, vstest.console.dll, AssemblyResolver.OnResolve: Microsoft.VisualStudio.TestPlatform.Fakes: Assembly path does not exist: 'C:\Program Files\dotnet\sdk\7.0.102\Microsoft.VisualStudio.TestPlatform.Fakes.exe', returning.
TpTrace Information: 0 : 25904, 1, 2023/02/16, 16:31:31.232, 1375489145750, vstest.console.dll, AssemblyResolver.OnResolve: Microsoft.VisualStudio.TestPlatform.Fakes: Failed to load assembly.
TpTrace Information: 0 : 25904, 1, 2023/02/16, 16:31:31.232, 1375489148238, vstest.console.dll, Failed to load assembly Microsoft.VisualStudio.TestPlatform.Fakes, Version=17.0.0.0, Culture=neutral. Reason:System.IO.FileNotFoundException: Could not load file or assembly 'Microsoft.VisualStudio.TestPlatform.Fakes, Version=17.0.0.0, Culture=neutral, PublicKeyToken=null'. The system cannot find the file specified.
File name: 'Microsoft.VisualStudio.TestPlatform.Fakes, Version=17.0.0.0, Culture=neutral, PublicKeyToken=null'
   at System.Reflection.RuntimeAssembly.InternalLoad(AssemblyName assemblyName, StackCrawlMark& stackMark, AssemblyLoadContext assemblyLoadContext, RuntimeAssembly requestingAssembly, Boolean throwOnFileNotFound)
   at System.Reflection.Assembly.Load(AssemblyName assemblyRef)
   at Microsoft.VisualStudio.TestPlatform.Common.Utilities.FakesUtilities.LoadTestPlatformAssembly()
TpTrace Verbose: 0 : 25904, 1, 2023/02/16, 16:31:31.235, 1375489176094, vstest.console.dll, TestPluginCache.DiscoverTestExtensions: finding test extensions in assemblies ends with: TestLogger.dll TPluginInfo: Microsoft.VisualStudio.TestPlatform.Common.ExtensionFramework.Utilities.TestLoggerPluginInformation TExtension: Microsoft.VisualStudio.TestPlatform.ObjectModel.Client.ITestLogger
TpTrace Verbose: 0 : 25904, 1, 2023/02/16, 16:31:31.235, 1375489176972, vstest.console.dll, TestPluginCache.GetExtensionPaths: Filtered extension paths: 
TpTrace Verbose: 0 : 25904, 1, 2023/02/16, 16:31:31.235, 1375489177204, vstest.console.dll, TestPluginCache.GetExtensionPaths: Added default extension paths: C:\Program Files\dotnet\sdk\7.0.102\Extensions\Microsoft.Diagnostics.NETCore.Client.dll
C:\Program Files\dotnet\sdk\7.0.102\Extensions\Microsoft.TestPlatform.Extensions.BlameDataCollector.dll
C:\Program Files\dotnet\sdk\7.0.102\Extensions\Microsoft.TestPlatform.Extensions.EventLogCollector.dll
C:\Program Files\dotnet\sdk\7.0.102\Extensions\Microsoft.TestPlatform.TestHostRuntimeProvider.dll
C:\Program Files\dotnet\sdk\7.0.102\Extensions\Microsoft.VisualStudio.TestPlatform.Extensions.Html.TestLogger.dll
C:\Program Files\dotnet\sdk\7.0.102\Extensions\Microsoft.VisualStudio.TestPlatform.Extensions.Trx.TestLogger.dll
TpTrace Verbose: 0 : 25904, 1, 2023/02/16, 16:31:31.235, 1375489177480, vstest.console.dll, TestPluginCache.GetExtensionPaths: Added unfilterableExtensionPaths: 
TpTrace Information: 0 : 25904, 1, 2023/02/16, 16:31:31.235, 1375489179268, vstest.console.dll, AssemblyResolver.AddSearchDirectories: Adding more searchDirectories C:\Program Files\dotnet\sdk\7.0.102\Extensions,C:\Program Files\dotnet\sdk\7.0.102
TpTrace Verbose: 0 : 25904, 1, 2023/02/16, 16:31:31.235, 1375489179663, vstest.console.dll, TestPluginCache.DiscoverTestExtensions: Discovering the extensions using extension path.
TpTrace Verbose: 0 : 25904, 1, 2023/02/16, 16:31:31.235, 1375489179898, vstest.console.dll, TestPluginCache.GetExtensionPaths: Filtered extension paths: 
TpTrace Verbose: 0 : 25904, 1, 2023/02/16, 16:31:31.235, 1375489180135, vstest.console.dll, TestPluginCache.GetExtensionPaths: Added default extension paths: C:\Program Files\dotnet\sdk\7.0.102\Extensions\Microsoft.Diagnostics.NETCore.Client.dll
C:\Program Files\dotnet\sdk\7.0.102\Extensions\Microsoft.TestPlatform.Extensions.BlameDataCollector.dll
C:\Program Files\dotnet\sdk\7.0.102\Extensions\Microsoft.TestPlatform.Extensions.EventLogCollector.dll
C:\Program Files\dotnet\sdk\7.0.102\Extensions\Microsoft.TestPlatform.TestHostRuntimeProvider.dll
C:\Program Files\dotnet\sdk\7.0.102\Extensions\Microsoft.VisualStudio.TestPlatform.Extensions.Html.TestLogger.dll
C:\Program Files\dotnet\sdk\7.0.102\Extensions\Microsoft.VisualStudio.TestPlatform.Extensions.Trx.TestLogger.dll
TpTrace Verbose: 0 : 25904, 1, 2023/02/16, 16:31:31.235, 1375489180304, vstest.console.dll, TestPluginCache.GetExtensionPaths: Added unfilterableExtensionPaths: 
TpTrace Verbose: 0 : 25904, 1, 2023/02/16, 16:31:31.235, 1375489180497, vstest.console.dll, TestPluginCache.DiscoverTestExtensions: Discovering the extensions using allExtensionPaths: C:\Program Files\dotnet\sdk\7.0.102\Extensions\Microsoft.Diagnostics.NETCore.Client.dll
C:\Program Files\dotnet\sdk\7.0.102\Extensions\Microsoft.TestPlatform.Extensions.BlameDataCollector.dll
C:\Program Files\dotnet\sdk\7.0.102\Extensions\Microsoft.TestPlatform.Extensions.EventLogCollector.dll
C:\Program Files\dotnet\sdk\7.0.102\Extensions\Microsoft.TestPlatform.TestHostRuntimeProvider.dll
C:\Program Files\dotnet\sdk\7.0.102\Extensions\Microsoft.VisualStudio.TestPlatform.Extensions.Html.TestLogger.dll
C:\Program Files\dotnet\sdk\7.0.102\Extensions\Microsoft.VisualStudio.TestPlatform.Extensions.Trx.TestLogger.dll
TpTrace Information: 0 : 25904, 1, 2023/02/16, 16:31:31.235, 1375489181299, vstest.console.dll, AssemblyResolver.AddSearchDirectories: Adding more searchDirectories C:\Program Files\dotnet\sdk\7.0.102\Extensions,C:\Program Files\dotnet\sdk\7.0.102
TpTrace Information: 0 : 25904, 1, 2023/02/16, 16:31:31.235, 1375489181566, vstest.console.dll, AssemblyResolver.AddSearchDirectories: Adding more searchDirectories C:\Program Files\dotnet\sdk\7.0.102\Extensions,C:\Program Files\dotnet\sdk\7.0.102
TpTrace Information: 0 : 25904, 1, 2023/02/16, 16:31:31.235, 1375489181740, vstest.console.dll, AssemblyResolver.AddSearchDirectories: Adding more searchDirectories C:\Program Files\dotnet\sdk\7.0.102\Extensions,C:\Program Files\dotnet\sdk\7.0.102
TpTrace Information: 0 : 25904, 1, 2023/02/16, 16:31:31.235, 1375489181901, vstest.console.dll, AssemblyResolver.AddSearchDirectories: Adding more searchDirectories C:\Program Files\dotnet\sdk\7.0.102\Extensions,C:\Program Files\dotnet\sdk\7.0.102
TpTrace Information: 0 : 25904, 1, 2023/02/16, 16:31:31.235, 1375489182090, vstest.console.dll, AssemblyResolver.AddSearchDirectories: Adding more searchDirectories C:\Program Files\dotnet\sdk\7.0.102\Extensions,C:\Program Files\dotnet\sdk\7.0.102
TpTrace Information: 0 : 25904, 1, 2023/02/16, 16:31:31.235, 1375489182258, vstest.console.dll, AssemblyResolver.AddSearchDirectories: Adding more searchDirectories C:\Program Files\dotnet\sdk\7.0.102\Extensions,C:\Program Files\dotnet\sdk\7.0.102
TpTrace Verbose: 0 : 25904, 1, 2023/02/16, 16:31:31.235, 1375489183034, vstest.console.dll, MetadataReaderExtensionsHelper: Discovering extensions inside assembly 'Microsoft.Diagnostics.NETCore.Client, Version=0.2.6.42401, Culture=neutral, PublicKeyToken=31bf3856ad364e35' file path 'C:\Program Files\dotnet\sdk\7.0.102\Extensions\Microsoft.Diagnostics.NETCore.Client.dll'
TpTrace Information: 0 : 25904, 1, 2023/02/16, 16:31:31.236, 1375489192009, vstest.console.dll, AssemblyResolver.OnResolve: Microsoft.Bcl.AsyncInterfaces: Resolving assembly.
TpTrace Information: 0 : 25904, 1, 2023/02/16, 16:31:31.236, 1375489192729, vstest.console.dll, AssemblyResolver.OnResolve: Microsoft.Bcl.AsyncInterfaces: Resolved from cache.
TpTrace Verbose: 0 : 25904, 1, 2023/02/16, 16:31:31.236, 1375489192956, vstest.console.dll, CurrentDomainAssemblyResolve: Resolving assembly 'Microsoft.Bcl.AsyncInterfaces'.
TpTrace Information: 0 : 25904, 1, 2023/02/16, 16:31:31.236, 1375489193282, vstest.console.dll, AssemblyResolver.OnResolve: Microsoft.Bcl.AsyncInterfaces: Resolving assembly.
TpTrace Information: 0 : 25904, 1, 2023/02/16, 16:31:31.236, 1375489193472, vstest.console.dll, AssemblyResolver.OnResolve: Microsoft.Bcl.AsyncInterfaces: Resolved from cache.
TpTrace Verbose: 0 : 25904, 1, 2023/02/16, 16:31:31.237, 1375489193674, vstest.console.dll, CurrentDomainAssemblyResolve: Resolving assembly 'Microsoft.Bcl.AsyncInterfaces'.
TpTrace Verbose: 0 : 25904, 1, 2023/02/16, 16:31:31.237, 1375489193844, vstest.console.dll, CurrentDomainAssemblyResolve: Failed to resolve assembly 'Microsoft.Bcl.AsyncInterfaces'.
TpTrace Verbose: 0 : 25904, 1, 2023/02/16, 16:31:31.237, 1375489195108, vstest.console.dll, CurrentDomainAssemblyResolve: Failed to resolve assembly 'Microsoft.Bcl.AsyncInterfaces'.
TpTrace Warning: 0 : 25904, 1, 2023/02/16, 16:31:31.237, 1375489197682, vstest.console.dll, TestPluginDiscoverer: Failed to get types from assembly 'Microsoft.Diagnostics.NETCore.Client, Version=0.2.6.42401, Culture=neutral, PublicKeyToken=31bf3856ad364e35'. Error: System.Reflection.ReflectionTypeLoadException: Unable to load one or more of the requested types.
Could not load file or assembly 'Microsoft.Bcl.AsyncInterfaces, Version=1.0.0.0, Culture=neutral, PublicKeyToken=cc7b13ffcd2ddd51'. The system cannot find the file specified.
   at System.Reflection.RuntimeModule.GetTypes(RuntimeModule module)
   at System.Reflection.Assembly.GetTypes()
   at Microsoft.VisualStudio.TestPlatform.Common.ExtensionFramework.TestPluginDiscoverer.GetTestExtensionsFromAssembly[TPluginInfo,TExtension](Assembly assembly, Dictionary`2 pluginInfos, String filePath)
System.IO.FileNotFoundException: Could not load file or assembly 'Microsoft.Bcl.AsyncInterfaces, Version=1.0.0.0, Culture=neutral, PublicKeyToken=cc7b13ffcd2ddd51'. The system cannot find the file specified.
File name: 'Microsoft.Bcl.AsyncInterfaces, Version=1.0.0.0, Culture=neutral, PublicKeyToken=cc7b13ffcd2ddd51'
 ---> System.IO.FileNotFoundException: Could not load file or assembly 'Microsoft.Bcl.AsyncInterfaces, Culture=neutral, PublicKeyToken=null'. The system cannot find the file specified.
File name: 'Microsoft.Bcl.AsyncInterfaces, Culture=neutral, PublicKeyToken=null'
   at System.Reflection.RuntimeAssembly.InternalLoad(AssemblyName assemblyName, StackCrawlMark& stackMark, AssemblyLoadContext assemblyLoadContext, RuntimeAssembly requestingAssembly, Boolean throwOnFileNotFound)
   at System.Reflection.Assembly.Load(AssemblyName assemblyRef)
   at Microsoft.VisualStudio.TestPlatform.Common.ExtensionFramework.TestPluginCache.CurrentDomainAssemblyResolve(Object sender, AssemblyResolveEventArgs args)
   at System.Runtime.Loader.AssemblyLoadContext.GetFirstResolvedAssemblyFromResolvingEvent(AssemblyName assemblyName)
   at System.Runtime.Loader.AssemblyLoadContext.ResolveUsingEvent(AssemblyName assemblyName)
   at System.Runtime.Loader.AssemblyLoadContext.ResolveUsingResolvingEvent(IntPtr gchManagedAssemblyLoadContext, AssemblyName assemblyName)
TpTrace Warning: 0 : 25904, 1, 2023/02/16, 16:31:31.237, 1375489198873, vstest.console.dll, LoaderExceptions: System.IO.FileNotFoundException: Could not load file or assembly 'Microsoft.Bcl.AsyncInterfaces, Version=1.0.0.0, Culture=neutral, PublicKeyToken=cc7b13ffcd2ddd51'. The system cannot find the file specified.
File name: 'Microsoft.Bcl.AsyncInterfaces, Version=1.0.0.0, Culture=neutral, PublicKeyToken=cc7b13ffcd2ddd51'
 ---> System.IO.FileNotFoundException: Could not load file or assembly 'Microsoft.Bcl.AsyncInterfaces, Culture=neutral, PublicKeyToken=null'. The system cannot find the file specified.
File name: 'Microsoft.Bcl.AsyncInterfaces, Culture=neutral, PublicKeyToken=null'
   at System.Reflection.RuntimeAssembly.InternalLoad(AssemblyName assemblyName, StackCrawlMark& stackMark, AssemblyLoadContext assemblyLoadContext, RuntimeAssembly requestingAssembly, Boolean throwOnFileNotFound)
   at System.Reflection.Assembly.Load(AssemblyName assemblyRef)
   at Microsoft.VisualStudio.TestPlatform.Common.ExtensionFramework.TestPluginCache.CurrentDomainAssemblyResolve(Object sender, AssemblyResolveEventArgs args)
   at System.Runtime.Loader.AssemblyLoadContext.GetFirstResolvedAssemblyFromResolvingEvent(AssemblyName assemblyName)
   at System.Runtime.Loader.AssemblyLoadContext.ResolveUsingEvent(AssemblyName assemblyName)
   at System.Runtime.Loader.AssemblyLoadContext.ResolveUsingResolvingEvent(IntPtr gchManagedAssemblyLoadContext, AssemblyName assemblyName)
TpTrace Verbose: 0 : 25904, 1, 2023/02/16, 16:31:31.237, 1375489199498, vstest.console.dll, MetadataReaderExtensionsHelper: Discovering extensions inside assembly 'Microsoft.TestPlatform.Extensions.BlameDataCollector, Version=15.0.0.0, Culture=neutral, PublicKeyToken=b03f5f7f11d50a3a' file path 'C:\Program Files\dotnet\sdk\7.0.102\Extensions\Microsoft.TestPlatform.Extensions.BlameDataCollector.dll'
TpTrace Information: 0 : 25904, 1, 2023/02/16, 16:31:31.238, 1375489204346, vstest.console.dll, GetTestExtensionFromType: Register extension with identifier data 'logger://Microsoft/TestPlatform/Extensions/Blame/v1' and type 'Microsoft.TestPlatform.Extensions.BlameDataCollector.BlameLogger, Microsoft.TestPlatform.Extensions.BlameDataCollector, Version=15.0.0.0, Culture=neutral, PublicKeyToken=b03f5f7f11d50a3a' inside file 'C:\Program Files\dotnet\sdk\7.0.102\Extensions\Microsoft.TestPlatform.Extensions.BlameDataCollector.dll'
TpTrace Verbose: 0 : 25904, 1, 2023/02/16, 16:31:31.238, 1375489204937, vstest.console.dll, MetadataReaderExtensionsHelper: Discovering extensions inside assembly 'Microsoft.TestPlatform.Extensions.EventLogCollector, Version=15.0.0.0, Culture=neutral, PublicKeyToken=b03f5f7f11d50a3a' file path 'C:\Program Files\dotnet\sdk\7.0.102\Extensions\Microsoft.TestPlatform.Extensions.EventLogCollector.dll'
TpTrace Verbose: 0 : 25904, 1, 2023/02/16, 16:31:31.238, 1375489209580, vstest.console.dll, MetadataReaderExtensionsHelper: Discovering extensions inside assembly 'Microsoft.TestPlatform.TestHostRuntimeProvider, Version=15.0.0.0, Culture=neutral, PublicKeyToken=b03f5f7f11d50a3a' file path 'C:\Program Files\dotnet\sdk\7.0.102\Extensions\Microsoft.TestPlatform.TestHostRuntimeProvider.dll'
TpTrace Verbose: 0 : 25904, 1, 2023/02/16, 16:31:31.238, 1375489212842, vstest.console.dll, MetadataReaderExtensionsHelper: Discovering extensions inside assembly 'Microsoft.VisualStudio.TestPlatform.Extensions.Html.TestLogger, Version=15.0.0.0, Culture=neutral, PublicKeyToken=b03f5f7f11d50a3a' file path 'C:\Program Files\dotnet\sdk\7.0.102\Extensions\Microsoft.VisualStudio.TestPlatform.Extensions.Html.TestLogger.dll'
TpTrace Information: 0 : 25904, 1, 2023/02/16, 16:31:31.239, 1375489217375, vstest.console.dll, GetTestExtensionFromType: Register extension with identifier data 'logger://Microsoft/TestPlatform/HtmlLogger/v1' and type 'Microsoft.VisualStudio.TestPlatform.Extensions.HtmlLogger.HtmlLogger, Microsoft.VisualStudio.TestPlatform.Extensions.Html.TestLogger, Version=15.0.0.0, Culture=neutral, PublicKeyToken=b03f5f7f11d50a3a' inside file 'C:\Program Files\dotnet\sdk\7.0.102\Extensions\Microsoft.VisualStudio.TestPlatform.Extensions.Html.TestLogger.dll'
TpTrace Verbose: 0 : 25904, 1, 2023/02/16, 16:31:31.239, 1375489217850, vstest.console.dll, MetadataReaderExtensionsHelper: Discovering extensions inside assembly 'Microsoft.VisualStudio.TestPlatform.Extensions.Trx.TestLogger, Version=15.0.0.0, Culture=neutral, PublicKeyToken=b03f5f7f11d50a3a' file path 'C:\Program Files\dotnet\sdk\7.0.102\Extensions\Microsoft.VisualStudio.TestPlatform.Extensions.Trx.TestLogger.dll'
TpTrace Information: 0 : 25904, 1, 2023/02/16, 16:31:31.239, 1375489221655, vstest.console.dll, GetTestExtensionFromType: Register extension with identifier data 'logger://Microsoft/TestPlatform/TrxLogger/v1' and type 'Microsoft.VisualStudio.TestPlatform.Extensions.TrxLogger.TrxLogger, Microsoft.VisualStudio.TestPlatform.Extensions.Trx.TestLogger, Version=15.0.0.0, Culture=neutral, PublicKeyToken=b03f5f7f11d50a3a' inside file 'C:\Program Files\dotnet\sdk\7.0.102\Extensions\Microsoft.VisualStudio.TestPlatform.Extensions.Trx.TestLogger.dll'
TpTrace Verbose: 0 : 25904, 1, 2023/02/16, 16:31:31.239, 1375489222294, vstest.console.dll, TestPluginCache: Discovered the extensions using extension path ''.
TpTrace Verbose: 0 : 25904, 1, 2023/02/16, 16:31:31.239, 1375489222502, vstest.console.dll, TestPluginCache: Discoverers are ''.
TpTrace Verbose: 0 : 25904, 1, 2023/02/16, 16:31:31.239, 1375489222657, vstest.console.dll, TestPluginCache: Executors are ''.
TpTrace Verbose: 0 : 25904, 1, 2023/02/16, 16:31:31.239, 1375489222801, vstest.console.dll, TestPluginCache: Executors2 are ''.
TpTrace Verbose: 0 : 25904, 1, 2023/02/16, 16:31:31.239, 1375489222943, vstest.console.dll, TestPluginCache: Setting providers are ''.
TpTrace Verbose: 0 : 25904, 1, 2023/02/16, 16:31:31.239, 1375489223391, vstest.console.dll, TestPluginCache: Loggers are 'logger://Microsoft/TestPlatform/Extensions/Blame/v1,logger://Microsoft/TestPlatform/HtmlLogger/v1,logger://Microsoft/TestPlatform/TrxLogger/v1'.
TpTrace Verbose: 0 : 25904, 1, 2023/02/16, 16:31:31.240, 1375489223656, vstest.console.dll, TestPluginCache: TestHosts are 'HostProvider://DefaultTestHost,HostProvider://DotnetTestHost'.
TpTrace Verbose: 0 : 25904, 1, 2023/02/16, 16:31:31.240, 1375489223838, vstest.console.dll, TestPluginCache: DataCollectors are ''.
TpTrace Information: 0 : 25904, 1, 2023/02/16, 16:31:31.240, 1375489229791, vstest.console.dll, TestPluginManager.CreateTestExtension: Attempting to load test extension: Microsoft.TestPlatform.Extensions.BlameDataCollector.BlameLogger
TpTrace Verbose: 0 : 25904, 1, 2023/02/16, 16:31:31.245, 1375489281011, vstest.console.dll, TestEngine: Initializing Parallel Execution as MaxCpuCount is set to: 1
TpTrace Information: 0 : 25904, 1, 2023/02/16, 16:31:31.246, 1375489292500, vstest.console.dll, TestPluginManager.CreateTestExtension: Attempting to load test extension: Microsoft.VisualStudio.TestPlatform.CrossPlatEngine.Hosting.DefaultTestHostManager
TpTrace Information: 0 : 25904, 1, 2023/02/16, 16:31:31.247, 1375489299444, vstest.console.dll, TestPluginManager.CreateTestExtension: Attempting to load test extension: Microsoft.VisualStudio.TestPlatform.CrossPlatEngine.Hosting.DotnetTestHostManager
TpTrace Information: 0 : 25904, 1, 2023/02/16, 16:31:31.248, 1375489304639, vstest.console.dll, InferRunSettingsHelper.IsTestSettingsEnabled: Unable to navigate to RunSettings/MSTest. Current node: RunSettings
TpTrace Verbose: 0 : 25904, 1, 2023/02/16, 16:31:31.251, 1375489333662, vstest.console.dll, TestEngine.GetExecutionManager: Chosen execution manager 'Microsoft.VisualStudio.TestPlatform.CrossPlatEngine.Client.Parallel.ParallelProxyExecutionManager, Microsoft.TestPlatform.CrossPlatEngine, Version=15.0.0.0, Culture=neutral, PublicKeyToken=b03f5f7f11d50a3a' ParallelLevel '1'.
TpTrace Verbose: 0 : 25904, 1, 2023/02/16, 16:31:31.251, 1375489334594, vstest.console.dll, TestRunRequest.ExecuteAsync: Creating test run request.
TpTrace Verbose: 0 : 25904, 1, 2023/02/16, 16:31:31.251, 1375489336226, vstest.console.dll, TestRunRequest.ExecuteAsync: Starting.
TpTrace Information: 0 : 25904, 1, 2023/02/16, 16:31:31.251, 1375489338042, vstest.console.dll, TestRunRequest.ExecuteAsync: Starting run with settings:TestRunCriteria:
   KeepAlive=False,FrequencyOfRunStatsChangeEvent=10,RunStatsChangeEventTimeout=00:00:01.5000000,TestCaseFilter=,TestExecutorLauncher=
   Settingsxml=<RunSettings>
  <RunConfiguration>
    <ResultsDirectory>C:\Users\mpcat\RevatureTraining\MasonC\Interviews\Geico\SpecFlowIntro\SpecFlowIntro\bin\Debug\net6.0\fine-code-coverage\coverage-tool-output</ResultsDirectory>
    <TargetPlatform>X64</TargetPlatform>
    <TargetFrameworkVersion>.NETCoreApp,Version=v6.0</TargetFrameworkVersion>
    <DesignMode>False</DesignMode>
    <CollectSourceInformation>False</CollectSourceInformation>
  </RunConfiguration>
  <LoggerRunSettings>
    <Loggers>
      <Logger friendlyName="blame" enabled="True" />
      <Logger friendlyName="Console" uri="logger://microsoft/TestPlatform/ConsoleLogger/v1" assemblyQualifiedName="Microsoft.VisualStudio.TestPlatform.CommandLine.Internal.ConsoleLogger, vstest.console, Version=15.0.0.0, Culture=neutral, PublicKeyToken=b03f5f7f11d50a3a" codeBase="C:\Program Files\dotnet\sdk\7.0.102\vstest.console.dll" enabled="True" />
    </Loggers>
  </LoggerRunSettings>
  <DataCollectionRunSettings>
    <DataCollectors>
      <DataCollector friendlyName="blame" enabled="True">
        <Configuration>
          <ResultsDirectory>C:\Users\mpcat\RevatureTraining\MasonC\Interviews\Geico\SpecFlowIntro\SpecFlowIntro\bin\Debug\net6.0\fine-code-coverage\coverage-tool-output</ResultsDirectory>
        </Configuration>
      </DataCollector>
    </DataCollectors>
  </DataCollectionRunSettings>
</RunSettings>

TpTrace Verbose: 0 : 25904, 1, 2023/02/16, 16:31:31.251, 1375489338400, vstest.console.dll, TestRunRequest.ExecuteAsync: Wait for the first run request is over.
TpTrace Verbose: 0 : 25904, 1, 2023/02/16, 16:31:31.251, 1375489340318, vstest.console.dll, MulticastDelegateUtilities.SafeInvoke: TestRun.TestRunStart: Invoking callbacks was skipped because there are no subscribers.
TpTrace Verbose: 0 : 25904, 4, 2023/02/16, 16:31:31.251, 1375489341966, vstest.console.dll, MulticastDelegateUtilities.SafeInvoke: InternalTestLoggerEvents.SendTestRunStart: Invoking callback 1/1 for Microsoft.VisualStudio.TestPlatform.CommandLine.Internal.ConsoleLogger., took 0 ms.
TpTrace Verbose: 0 : 25904, 1, 2023/02/16, 16:31:31.252, 1375489348106, vstest.console.dll, ParallelProxyExecutionManager: Start execution. Total sources: 1
TpTrace Verbose: 0 : 25904, 1, 2023/02/16, 16:31:31.253, 1375489358606, vstest.console.dll, TestRequestSender is acting as server.
TpTrace Verbose: 0 : 25904, 1, 2023/02/16, 16:31:31.254, 1375489366962, vstest.console.dll, DataCollectionRequestSender.InitializeCommunication : Initialize communication. 
TpTrace Information: 0 : 25904, 1, 2023/02/16, 16:31:31.257, 1375489398044, vstest.console.dll, Listening on Endpoint : 127.0.0.1:51316
TpTrace Verbose: 0 : 25904, 1, 2023/02/16, 16:31:31.262, 1375489445544, vstest.console.dll, DotnetDataCollectionLauncher: Adding  --runtimeconfig "C:\Program Files\dotnet\sdk\7.0.102\datacollector.runtimeconfig.json" in args
TpTrace Verbose: 0 : 25904, 1, 2023/02/16, 16:31:31.262, 1375489446428, vstest.console.dll, DotnetDataCollectionLauncher: Adding  --depsfile "C:\Program Files\dotnet\sdk\7.0.102\datacollector.deps.json" in args
TpTrace Verbose: 0 : 25904, 1, 2023/02/16, 16:31:31.262, 1375489447385, vstest.console.dll, DotnetDataCollectionLauncher: Full path of dotnet.exe is C:\Program Files\dotnet\dotnet.exe
TpTrace Information: 0 : 25904, 1, 2023/02/16, 16:31:31.266, 1375489488076, vstest.console.dll, ProxyDataCollectionManager.Initialize: Launched datacollector processId: 36904 port: 51316
TpTrace Information: 0 : 25904, 1, 2023/02/16, 16:31:31.266, 1375489489131, vstest.console.dll, ProxyDataCollectionManager.Initialize: waiting for connection with timeout: 90 seconds
TpTrace Verbose: 0 : 25904, 1, 2023/02/16, 16:31:31.266, 1375489489612, vstest.console.dll, DataCollectionRequestSender.WaitForRequestHandlerConnection : Waiting for connection with timeout: 90000
TpTrace Information: 0 : 25904, 8, 2023/02/16, 16:31:31.366, 1375490486391, vstest.console.dll, Using the buffer size of 16384 bytes
TpTrace Verbose: 0 : 25904, 1, 2023/02/16, 16:31:31.366, 1375490486621, vstest.console.dll, SocketCommunicationManager.WaitForClientConnection took: 99 ms, with 90000 ms timeout, and finished with True.
TpTrace Information: 0 : 25904, 8, 2023/02/16, 16:31:31.366, 1375490487388, vstest.console.dll, Accepted Client request and set the flag
TpTrace Verbose: 0 : 25904, 1, 2023/02/16, 16:31:31.366, 1375490488109, vstest.console.dll, ProxyDataCollectionManager.InvokeDataCollectionServiceAction: Starting.
TpTrace Information: 0 : 25904, 1, 2023/02/16, 16:31:31.366, 1375490488595, vstest.console.dll, ProxyDataCollectionManager.BeforeTestRunStart: Get environment variable and port for datacollector processId: 36904 port: 51316
TpTrace Verbose: 0 : 25904, 1, 2023/02/16, 16:31:31.366, 1375490489215, vstest.console.dll, DataCollectionRequestSender.SendBeforeTestRunStartAndGetResult: Send BeforeTestRunStart message with settingsXml <RunSettings><RunConfiguration><ResultsDirectory>C:\Users\mpcat\RevatureTraining\MasonC\Interviews\Geico\SpecFlowIntro\SpecFlowIntro\bin\Debug\net6.0\fine-code-coverage\coverage-tool-output</ResultsDirectory><TargetPlatform>X64</TargetPlatform><TargetFrameworkVersion>.NETCoreApp,Version=v6.0</TargetFrameworkVersion><DesignMode>False</DesignMode><CollectSourceInformation>False</CollectSourceInformation><TestAdaptersPaths>C:\Program Files\dotnet\sdk\7.0.102\Extensions</TestAdaptersPaths></RunConfiguration><LoggerRunSettings><Loggers><Logger friendlyName="blame" enabled="True" /><Logger friendlyName="Console" uri="logger://microsoft/TestPlatform/ConsoleLogger/v1" assemblyQualifiedName="Microsoft.VisualStudio.TestPlatform.CommandLine.Internal.ConsoleLogger, vstest.console, Version=15.0.0.0, Culture=neutral, PublicKeyToken=b03f5f7f11d50a3a" codeBase="C:\Program Files\dotnet\sdk\7.0.102\vstest.console.dll" enabled="True" /></Loggers></LoggerRunSettings><DataCollectionRunSettings><DataCollectors><DataCollector friendlyName="blame" enabled="True"><Configuration><ResultsDirectory>C:\Users\mpcat\RevatureTraining\MasonC\Interviews\Geico\SpecFlowIntro\SpecFlowIntro\bin\Debug\net6.0\fine-code-coverage\coverage-tool-output</ResultsDirectory></Configuration></DataCollector></DataCollectors></DataCollectionRunSettings></RunSettings> and sources System.Collections.Generic.List`1[System.String]: 
TpTrace Verbose: 0 : 25904, 1, 2023/02/16, 16:31:31.421, 1375491042140, vstest.console.dll, DataCollectionRequestSender.SendBeforeTestRunStartAndGetResult: Received message: (DataCollection.SendMessage) -> {"MessageType":"DataCollection.SendMessage","Payload":{"FriendlyName":null,"Uri":null,"TestCaseId":"00000000-0000-0000-0000-000000000000","Message":"Logging DataCollector Diagnostics in file: C:\\Users\\mpcat\\RevatureTraining\\MasonC\\Interviews\\Geico\\SpecFlowIntro\\SpecFlowIntro\\bin\\Debug\\net6.0\\fine-code-coverage\\coverage-tool-output\\diagnostics.datacollector.23-02-16_16-31-31_26200_1.log","Level":0}}
TpTrace Verbose: 0 : 25904, 1, 2023/02/16, 16:31:31.483, 1375491663489, vstest.console.dll, DataCollectionRequestSender.SendBeforeTestRunStartAndGetResult: Received message: (DataCollection.BeforeTestRunStartResult) -> {"MessageType":"DataCollection.BeforeTestRunStartResult","Payload":{"EnvironmentVariables":{},"DataCollectionEventsPort":51320}}
TpTrace Information: 0 : 25904, 1, 2023/02/16, 16:31:31.488, 1375491703762, vstest.console.dll, ProxyDataCollectionManager.BeforeTestRunStart: SendBeforeTestRunStartAndGetResult successful, env variable from datacollector:   and testhost port: 51320
TpTrace Information: 0 : 25904, 1, 2023/02/16, 16:31:31.488, 1375491705169, vstest.console.dll, ProxyDataCollectionManager.InvokeDataCollectionServiceAction: Completed.
TpTrace Verbose: 0 : 25904, 8, 2023/02/16, 16:31:31.488, 1375491706535, vstest.console.dll, ParallelProxyExecutionManager: Execution started. Started clients: 1
TpTrace Verbose: 0 : 25904, 1, 2023/02/16, 16:31:31.488, 1375491706840, vstest.console.dll, ProxyParallelExecutionManager: No sources available for execution.
TpTrace Information: 0 : 25904, 1, 2023/02/16, 16:31:31.488, 1375491708273, vstest.console.dll, TestRunRequest.ExecuteAsync: Started.
TpTrace Verbose: 0 : 25904, 1, 2023/02/16, 16:31:31.488, 1375491709067, vstest.console.dll, TestRunRequest.WaitForCompletion: Waiting with timeout -1.
TpTrace Verbose: 0 : 25904, 8, 2023/02/16, 16:31:31.488, 1375491709919, vstest.console.dll, TestRunRequest:SendTestRunMessage: Starting.
TpTrace Verbose: 0 : 25904, 4, 2023/02/16, 16:31:31.488, 1375491711263, vstest.console.dll, MulticastDelegateUtilities.SafeInvoke: InternalTestLoggerEvents.SendTestRunMessage: Invoking callback 1/1 for Microsoft.VisualStudio.TestPlatform.CommandLine.Internal.ConsoleLogger., took 0 ms.
TpTrace Verbose: 0 : 25904, 8, 2023/02/16, 16:31:31.488, 1375491712625, vstest.console.dll, MulticastDelegateUtilities.SafeInvoke: TestRun.LogMessages: Invoking callback 1/1 for Microsoft.VisualStudio.TestPlatform.CommandLine.TestRunResultAggregator., took 0 ms.
TpTrace Information: 0 : 25904, 8, 2023/02/16, 16:31:31.488, 1375491713020, vstest.console.dll, TestRunRequest:SendTestRunMessage: Completed.
TpTrace Verbose: 0 : 25904, 8, 2023/02/16, 16:31:31.489, 1375491714447, vstest.console.dll, ProxyExecutionManager: Test host is always Lazy initialize.
TpTrace Verbose: 0 : 25904, 8, 2023/02/16, 16:31:31.489, 1375491716833, vstest.console.dll, TestRequestSender.InitializeCommunication: initialize communication. 
TpTrace Information: 0 : 25904, 8, 2023/02/16, 16:31:31.489, 1375491723309, vstest.console.dll, SocketServer.Start: Listening on endpoint : 127.0.0.1:51321
TpTrace Verbose: 0 : 25904, 8, 2023/02/16, 16:31:31.491, 1375491734002, vstest.console.dll, DotnetTestHostmanager.GetTestHostProcessStartInfo: Platform environment 'X64' target architecture 'X64' framework '.NETCoreApp,Version=v6.0' OS 'Windows'
TpTrace Verbose: 0 : 25904, 8, 2023/02/16, 16:31:31.491, 1375491738693, vstest.console.dll, DotnetTestHostmanager: Adding  --runtimeconfig "C:\Users\mpcat\RevatureTraining\MasonC\Interviews\Geico\SpecFlowIntro\SpecFlowIntro\bin\Debug\net6.0\fine-code-coverage\build-output\SpecFlowIntro.runtimeconfig.json" in args
TpTrace Verbose: 0 : 25904, 8, 2023/02/16, 16:31:31.491, 1375491739682, vstest.console.dll, DotnetTestHostmanager: Adding  --depsfile "C:\Users\mpcat\RevatureTraining\MasonC\Interviews\Geico\SpecFlowIntro\SpecFlowIntro\bin\Debug\net6.0\fine-code-coverage\build-output\SpecFlowIntro.deps.json" in args
TpTrace Verbose: 0 : 25904, 8, 2023/02/16, 16:31:31.491, 1375491741316, vstest.console.dll, DotnetTestHostmanager.IsWinOnArm: Current PROCESSOR_ARCHITECTURE from environment variable 'AMD64'
TpTrace Verbose: 0 : 25904, 8, 2023/02/16, 16:31:31.491, 1375491741823, vstest.console.dll, DotnetTestHostmanager.IsWinOnArm: Is Windows on ARM 'False'
TpTrace Verbose: 0 : 25904, 8, 2023/02/16, 16:31:31.491, 1375491742672, vstest.console.dll, DotnetTestHostManager: testhost.exe found at path: C:\Users\mpcat\RevatureTraining\MasonC\Interviews\Geico\SpecFlowIntro\SpecFlowIntro\bin\Debug\net6.0\fine-code-coverage\build-output\testhost.exe
TpTrace Verbose: 0 : 25904, 8, 2023/02/16, 16:31:31.491, 1375491743106, vstest.console.dll, DotnetTestHostmanager: Full path of host exe is C:\Users\mpcat\RevatureTraining\MasonC\Interviews\Geico\SpecFlowIntro\SpecFlowIntro\bin\Debug\net6.0\fine-code-coverage\build-output\testhost.exe
TpTrace Verbose: 0 : 25904, 8, 2023/02/16, 16:31:31.492, 1375491744714, vstest.console.dll, DotnetTestHostmanager.LaunchTestHostAsync: Found 'VSTEST_WINAPPHOST_DOTNET_ROOT' in env variables, value 'C:\Program Files\dotnet', forwarding to 'DOTNET_ROOT'
TpTrace Verbose: 0 : 25904, 8, 2023/02/16, 16:31:31.492, 1375491747104, vstest.console.dll, DotnetTestHostManager: Starting process 'C:\Users\mpcat\RevatureTraining\MasonC\Interviews\Geico\SpecFlowIntro\SpecFlowIntro\bin\Debug\net6.0\fine-code-coverage\build-output\testhost.exe' with command line ' --runtimeconfig "C:\Users\mpcat\RevatureTraining\MasonC\Interviews\Geico\SpecFlowIntro\SpecFlowIntro\bin\Debug\net6.0\fine-code-coverage\build-output\SpecFlowIntro.runtimeconfig.json" --depsfile "C:\Users\mpcat\RevatureTraining\MasonC\Interviews\Geico\SpecFlowIntro\SpecFlowIntro\bin\Debug\net6.0\fine-code-coverage\build-output\SpecFlowIntro.deps.json" --port 51321 --endpoint 127.0.0.1:051321 --role client --parentprocessid 25904 --diag "C:\Users\mpcat\RevatureTraining\MasonC\Interviews\Geico\SpecFlowIntro\SpecFlowIntro\bin\Debug\net6.0\fine-code-coverage\coverage-tool-output\diagnostics.host.23-02-16_16-31-31_49043_8.log" --tracelevel 4 --datacollectionport 51320 --telemetryoptedin false'
TpTrace Verbose: 0 : 25904, 8, 2023/02/16, 16:31:31.497, 1375491796800, vstest.console.dll, MulticastDelegateUtilities.SafeInvoke: HostProviderEvents.OnHostLaunched: Invoking callback 1/2 for Microsoft.VisualStudio.TestPlatform.CrossPlatEngine.Client.ProxyExecutionManagerWithDataCollection., took 1 ms.
TpTrace Verbose: 0 : 25904, 8, 2023/02/16, 16:31:31.497, 1375491798567, vstest.console.dll, Test Runtime launched
TpTrace Verbose: 0 : 25904, 8, 2023/02/16, 16:31:31.497, 1375491798941, vstest.console.dll, MulticastDelegateUtilities.SafeInvoke: HostProviderEvents.OnHostLaunched: Invoking callback 2/2 for Microsoft.VisualStudio.TestPlatform.CrossPlatEngine.Client.ProxyOperationManager., took 0 ms.
TpTrace Verbose: 0 : 25904, 8, 2023/02/16, 16:31:31.497, 1375491800059, vstest.console.dll, TestRequestSender.WaitForRequestHandlerConnection: waiting for connection with timeout: 90000.
TpTrace Verbose: 0 : 25904, 8, 2023/02/16, 16:31:31.629, 1375493117533, vstest.console.dll, TestRequestSender.WaitForRequestHandlerConnection: waiting took 131 ms, with timeout 90000 ms, and result 0, which is success.
TpTrace Verbose: 0 : 25904, 13, 2023/02/16, 16:31:31.629, 1375493117545, vstest.console.dll, MulticastDelegateUtilities.SafeInvoke: SocketServer: ClientConnected: Invoking callback 1/1 for Microsoft.VisualStudio.TestPlatform.CommunicationUtilities.TestRequestSender., took 0 ms.
TpTrace Verbose: 0 : 25904, 13, 2023/02/16, 16:31:31.629, 1375493119462, vstest.console.dll, SocketServer.OnClientConnected: Client connected for endPoint: 127.0.0.1:51321, starting MessageLoopAsync:
TpTrace Verbose: 0 : 25904, 14, 2023/02/16, 16:31:31.629, 1375493121242, vstest.console.dll, TcpClientExtensions.MessageLoopAsync: Polling on remoteEndPoint: 127.0.0.1:51322 localEndPoint: 127.0.0.1:51321
TpTrace Verbose: 0 : 25904, 8, 2023/02/16, 16:31:31.630, 1375493126547, vstest.console.dll, TestRequestSender.CheckVersionWithTestHost: Sending check version message: {"MessageType":"ProtocolVersion","Payload":7}
TpTrace Verbose: 0 : 25904, 14, 2023/02/16, 16:31:31.734, 1375494169165, vstest.console.dll, TcpClientExtensions.MessageLoopAsync: NotifyDataAvailable remoteEndPoint: 127.0.0.1:51322 localEndPoint: 127.0.0.1:51321
TpTrace Verbose: 0 : 25904, 14, 2023/02/16, 16:31:31.734, 1375494171203, vstest.console.dll, TestRequestSender.CheckVersionWithTestHost: onMessageReceived received message: (ProtocolVersion) -> {"MessageType":"ProtocolVersion","Payload":7}
TpTrace Verbose: 0 : 25904, 14, 2023/02/16, 16:31:31.735, 1375494176671, vstest.console.dll, MulticastDelegateUtilities.SafeInvoke: LengthPrefixCommunicationChannel: MessageReceived: Invoking callback 1/1 for Microsoft.VisualStudio.TestPlatform.CommunicationUtilities.TestRequestSender+<>c__DisplayClass26_0., took 0 ms.
TpTrace Verbose: 0 : 25904, 14, 2023/02/16, 16:31:31.735, 1375494177282, vstest.console.dll, TcpClientExtensions.MessageLoopAsync: Polling on remoteEndPoint: 127.0.0.1:51322 localEndPoint: 127.0.0.1:51321
TpTrace Verbose: 0 : 25904, 8, 2023/02/16, 16:31:31.735, 1375494177284, vstest.console.dll, TestPluginCache.GetExtensionPaths: Filtered extension paths: 
TpTrace Verbose: 0 : 25904, 8, 2023/02/16, 16:31:31.735, 1375494178052, vstest.console.dll, TestPluginCache.GetExtensionPaths: Added default extension paths: C:\Program Files\dotnet\sdk\7.0.102\Extensions\Microsoft.Diagnostics.NETCore.Client.dll
C:\Program Files\dotnet\sdk\7.0.102\Extensions\Microsoft.TestPlatform.Extensions.BlameDataCollector.dll
C:\Program Files\dotnet\sdk\7.0.102\Extensions\Microsoft.TestPlatform.Extensions.EventLogCollector.dll
C:\Program Files\dotnet\sdk\7.0.102\Extensions\Microsoft.TestPlatform.TestHostRuntimeProvider.dll
C:\Program Files\dotnet\sdk\7.0.102\Extensions\Microsoft.VisualStudio.TestPlatform.Extensions.Html.TestLogger.dll
C:\Program Files\dotnet\sdk\7.0.102\Extensions\Microsoft.VisualStudio.TestPlatform.Extensions.Trx.TestLogger.dll
TpTrace Verbose: 0 : 25904, 8, 2023/02/16, 16:31:31.735, 1375494178256, vstest.console.dll, TestPluginCache.GetExtensionPaths: Added unfilterableExtensionPaths: 
TpTrace Verbose: 0 : 25904, 8, 2023/02/16, 16:31:31.737, 1375494200302, vstest.console.dll, TestRequestSender.InitializeExecution: Sending initialize execution with message: {"Version":7,"MessageType":"TestExecution.Initialize","Payload":["C:\\Users\\mpcat\\RevatureTraining\\MasonC\\Interviews\\Geico\\SpecFlowIntro\\SpecFlowIntro\\bin\\Debug\\net6.0\\fine-code-coverage\\build-output\\NUnit3.TestAdapter.dll"]}
TpTrace Warning: 0 : 25904, 8, 2023/02/16, 16:31:31.738, 1375494203781, vstest.console.dll, InferRunSettingsHelper.MakeRunsettingsCompatible: Removing the following settings: TargetPlatform from RunSettings file. To use those settings please move to latest version of Microsoft.NET.Test.Sdk
TpTrace Verbose: 0 : 25904, 14, 2023/02/16, 16:31:31.738, 1375494208142, vstest.console.dll, TcpClientExtensions.MessageLoopAsync: NotifyDataAvailable remoteEndPoint: 127.0.0.1:51322 localEndPoint: 127.0.0.1:51321
TpTrace Verbose: 0 : 25904, 14, 2023/02/16, 16:31:31.738, 1375494210985, vstest.console.dll, TestRequestSender.OnExecutionMessageReceived: Received message: {"Version":7,"MessageType":"TestSession.Message","Payload":{"MessageLevel":0,"Message":"Logging TestHost Diagnostics in file: C:\\Users\\mpcat\\RevatureTraining\\MasonC\\Interviews\\Geico\\SpecFlowIntro\\SpecFlowIntro\\bin\\Debug\\net6.0\\fine-code-coverage\\coverage-tool-output\\diagnostics.host.23-02-16_16-31-31_49043_8.log"}}
TpTrace Verbose: 0 : 25904, 14, 2023/02/16, 16:31:31.741, 1375494237124, vstest.console.dll, TestRunRequest:SendTestRunMessage: Starting.
TpTrace Verbose: 0 : 25904, 14, 2023/02/16, 16:31:31.741, 1375494238745, vstest.console.dll, MulticastDelegateUtilities.SafeInvoke: TestRun.LogMessages: Invoking callback 1/1 for Microsoft.VisualStudio.TestPlatform.CommandLine.TestRunResultAggregator., took 0 ms.
TpTrace Verbose: 0 : 25904, 4, 2023/02/16, 16:31:31.741, 1375494238951, vstest.console.dll, MulticastDelegateUtilities.SafeInvoke: InternalTestLoggerEvents.SendTestRunMessage: Invoking callback 1/1 for Microsoft.VisualStudio.TestPlatform.CommandLine.Internal.ConsoleLogger., took 0 ms.
TpTrace Information: 0 : 25904, 14, 2023/02/16, 16:31:31.741, 1375494239005, vstest.console.dll, TestRunRequest:SendTestRunMessage: Completed.
TpTrace Verbose: 0 : 25904, 14, 2023/02/16, 16:31:31.741, 1375494239913, vstest.console.dll, MulticastDelegateUtilities.SafeInvoke: LengthPrefixCommunicationChannel: MessageReceived: Invoking callback 1/1 for Microsoft.VisualStudio.TestPlatform.CommunicationUtilities.TestRequestSender+<>c__DisplayClass31_0., took 3 ms.
TpTrace Verbose: 0 : 25904, 14, 2023/02/16, 16:31:31.741, 1375494240288, vstest.console.dll, TcpClientExtensions.MessageLoopAsync: Polling on remoteEndPoint: 127.0.0.1:51322 localEndPoint: 127.0.0.1:51321
TpTrace Verbose: 0 : 25904, 8, 2023/02/16, 16:31:31.744, 1375494267358, vstest.console.dll, TestRequestSender.StartTestRun: Sending test run with message: {"Version":7,"MessageType":"TestExecution.StartWithSources","Payload":{"AdapterSourceMap":{"_none_":["C:\\Users\\mpcat\\RevatureTraining\\MasonC\\Interviews\\Geico\\SpecFlowIntro\\SpecFlowIntro\\bin\\Debug\\net6.0\\fine-code-coverage\\build-output\\SpecFlowIntro.dll"]},"RunSettings":"<RunSettings>\r\n  <RunConfiguration>\r\n    <ResultsDirectory>C:\\Users\\mpcat\\RevatureTraining\\MasonC\\Interviews\\Geico\\SpecFlowIntro\\SpecFlowIntro\\bin\\Debug\\net6.0\\fine-code-coverage\\coverage-tool-output</ResultsDirectory>\r\n    <TargetFrameworkVersion>.NETCoreApp,Version=v6.0</TargetFrameworkVersion>\r\n    <DesignMode>False</DesignMode>\r\n    <CollectSourceInformation>False</CollectSourceInformation>\r\n  </RunConfiguration>\r\n  <LoggerRunSettings>\r\n    <Loggers>\r\n      <Logger friendlyName=\"blame\" enabled=\"True\" />\r\n      <Logger friendlyName=\"Console\" uri=\"logger://microsoft/TestPlatform/ConsoleLogger/v1\" assemblyQualifiedName=\"Microsoft.VisualStudio.TestPlatform.CommandLine.Internal.ConsoleLogger, vstest.console, Version=15.0.0.0, Culture=neutral, PublicKeyToken=b03f5f7f11d50a3a\" codeBase=\"C:\\Program Files\\dotnet\\sdk\\7.0.102\\vstest.console.dll\" enabled=\"True\" />\r\n    </Loggers>\r\n  </LoggerRunSettings>\r\n  <DataCollectionRunSettings>\r\n    <DataCollectors>\r\n      <DataCollector friendlyName=\"blame\" enabled=\"True\">\r\n        <Configuration>\r\n          <ResultsDirectory>C:\\Users\\mpcat\\RevatureTraining\\MasonC\\Interviews\\Geico\\SpecFlowIntro\\SpecFlowIntro\\bin\\Debug\\net6.0\\fine-code-coverage\\coverage-tool-output</ResultsDirectory>\r\n        </Configuration>\r\n      </DataCollector>\r\n    </DataCollectors>\r\n  </DataCollectionRunSettings>\r\n</RunSettings>","TestExecutionContext":{"FrequencyOfRunStatsChangeEvent":10,"RunStatsChangeEventTimeout":"00:00:01.5000000","InIsolation":false,"KeepAlive":false,"AreTestCaseLevelEventsRequired":false,"IsDebug":false,"TestCaseFilter":null,"FilterOptions":null},"Package":null}}
TpTrace Verbose: 0 : 25904, 14, 2023/02/16, 16:31:31.882, 1375495649473, vstest.console.dll, TcpClientExtensions.MessageLoopAsync: NotifyDataAvailable remoteEndPoint: 127.0.0.1:51322 localEndPoint: 127.0.0.1:51321
TpTrace Verbose: 0 : 25904, 14, 2023/02/16, 16:31:31.882, 1375495651505, vstest.console.dll, TestRequestSender.OnExecutionMessageReceived: Received message: {"Version":7,"MessageType":"TestSession.Message","Payload":{"MessageLevel":0,"Message":"NUnit Adapter 4.3.1.0: Test execution started"}}
TpTrace Verbose: 0 : 25904, 14, 2023/02/16, 16:31:31.883, 1375495653952, vstest.console.dll, TestRunRequest:SendTestRunMessage: Starting.
TpTrace Verbose: 0 : 25904, 14, 2023/02/16, 16:31:31.883, 1375495654532, vstest.console.dll, MulticastDelegateUtilities.SafeInvoke: TestRun.LogMessages: Invoking callback 1/1 for Microsoft.VisualStudio.TestPlatform.CommandLine.TestRunResultAggregator., took 0 ms.
TpTrace Verbose: 0 : 25904, 4, 2023/02/16, 16:31:31.883, 1375495654776, vstest.console.dll, MulticastDelegateUtilities.SafeInvoke: InternalTestLoggerEvents.SendTestRunMessage: Invoking callback 1/1 for Microsoft.VisualStudio.TestPlatform.CommandLine.Internal.ConsoleLogger., took 0 ms.
TpTrace Information: 0 : 25904, 14, 2023/02/16, 16:31:31.883, 1375495655613, vstest.console.dll, TestRunRequest:SendTestRunMessage: Completed.
TpTrace Verbose: 0 : 25904, 14, 2023/02/16, 16:31:31.883, 1375495656396, vstest.console.dll, MulticastDelegateUtilities.SafeInvoke: LengthPrefixCommunicationChannel: MessageReceived: Invoking callback 1/1 for Microsoft.VisualStudio.TestPlatform.CommunicationUtilities.TestRequestSender+<>c__DisplayClass31_0., took 0 ms.
TpTrace Verbose: 0 : 25904, 14, 2023/02/16, 16:31:31.883, 1375495656675, vstest.console.dll, TcpClientExtensions.MessageLoopAsync: Polling on remoteEndPoint: 127.0.0.1:51322 localEndPoint: 127.0.0.1:51321
TpTrace Verbose: 0 : 25904, 14, 2023/02/16, 16:31:31.905, 1375495878241, vstest.console.dll, TcpClientExtensions.MessageLoopAsync: NotifyDataAvailable remoteEndPoint: 127.0.0.1:51322 localEndPoint: 127.0.0.1:51321
TpTrace Verbose: 0 : 25904, 14, 2023/02/16, 16:31:31.905, 1375495879872, vstest.console.dll, TestRequestSender.OnExecutionMessageReceived: Received message: {"Version":7,"MessageType":"TestSession.Message","Payload":{"MessageLevel":0,"Message":"Running all tests in C:\\Users\\mpcat\\RevatureTraining\\MasonC\\Interviews\\Geico\\SpecFlowIntro\\SpecFlowIntro\\bin\\Debug\\net6.0\\fine-code-coverage\\build-output\\SpecFlowIntro.dll"}}
TpTrace Verbose: 0 : 25904, 14, 2023/02/16, 16:31:31.905, 1375495880936, vstest.console.dll, TestRunRequest:SendTestRunMessage: Starting.
TpTrace Verbose: 0 : 25904, 14, 2023/02/16, 16:31:31.905, 1375495881459, vstest.console.dll, MulticastDelegateUtilities.SafeInvoke: TestRun.LogMessages: Invoking callback 1/1 for Microsoft.VisualStudio.TestPlatform.CommandLine.TestRunResultAggregator., took 0 ms.
TpTrace Information: 0 : 25904, 14, 2023/02/16, 16:31:31.905, 1375495881661, vstest.console.dll, TestRunRequest:SendTestRunMessage: Completed.
TpTrace Verbose: 0 : 25904, 14, 2023/02/16, 16:31:31.905, 1375495881853, vstest.console.dll, MulticastDelegateUtilities.SafeInvoke: LengthPrefixCommunicationChannel: MessageReceived: Invoking callback 1/1 for Microsoft.VisualStudio.TestPlatform.CommunicationUtilities.TestRequestSender+<>c__DisplayClass31_0., took 0 ms.
TpTrace Verbose: 0 : 25904, 4, 2023/02/16, 16:31:31.905, 1375495881660, vstest.console.dll, MulticastDelegateUtilities.SafeInvoke: InternalTestLoggerEvents.SendTestRunMessage: Invoking callback 1/1 for Microsoft.VisualStudio.TestPlatform.CommandLine.Internal.ConsoleLogger., took 0 ms.
TpTrace Verbose: 0 : 25904, 14, 2023/02/16, 16:31:31.905, 1375495882109, vstest.console.dll, TcpClientExtensions.MessageLoopAsync: Polling on remoteEndPoint: 127.0.0.1:51322 localEndPoint: 127.0.0.1:51321
TpTrace Verbose: 0 : 25904, 14, 2023/02/16, 16:31:32.009, 1375496920387, vstest.console.dll, TcpClientExtensions.MessageLoopAsync: NotifyDataAvailable remoteEndPoint: 127.0.0.1:51322 localEndPoint: 127.0.0.1:51321
TpTrace Verbose: 0 : 25904, 14, 2023/02/16, 16:31:32.009, 1375496922143, vstest.console.dll, TestRequestSender.OnExecutionMessageReceived: Received message: {"Version":7,"MessageType":"TestSession.Message","Payload":{"MessageLevel":0,"Message":"   NUnit3TestExecutor discovered 2 of 2 NUnit test cases using Current Discovery mode, Non-Explicit run"}}
TpTrace Verbose: 0 : 25904, 14, 2023/02/16, 16:31:32.009, 1375496923276, vstest.console.dll, TestRunRequest:SendTestRunMessage: Starting.
TpTrace Verbose: 0 : 25904, 14, 2023/02/16, 16:31:32.010, 1375496923709, vstest.console.dll, MulticastDelegateUtilities.SafeInvoke: TestRun.LogMessages: Invoking callback 1/1 for Microsoft.VisualStudio.TestPlatform.CommandLine.TestRunResultAggregator., took 0 ms.
TpTrace Information: 0 : 25904, 14, 2023/02/16, 16:31:32.010, 1375496923957, vstest.console.dll, TestRunRequest:SendTestRunMessage: Completed.
TpTrace Verbose: 0 : 25904, 4, 2023/02/16, 16:31:32.010, 1375496923948, vstest.console.dll, MulticastDelegateUtilities.SafeInvoke: InternalTestLoggerEvents.SendTestRunMessage: Invoking callback 1/1 for Microsoft.VisualStudio.TestPlatform.CommandLine.Internal.ConsoleLogger., took 0 ms.
TpTrace Verbose: 0 : 25904, 14, 2023/02/16, 16:31:32.010, 1375496924245, vstest.console.dll, MulticastDelegateUtilities.SafeInvoke: LengthPrefixCommunicationChannel: MessageReceived: Invoking callback 1/1 for Microsoft.VisualStudio.TestPlatform.CommunicationUtilities.TestRequestSender+<>c__DisplayClass31_0., took 0 ms.
TpTrace Verbose: 0 : 25904, 14, 2023/02/16, 16:31:32.010, 1375496925004, vstest.console.dll, TcpClientExtensions.MessageLoopAsync: Polling on remoteEndPoint: 127.0.0.1:51322 localEndPoint: 127.0.0.1:51321
TpTrace Verbose: 0 : 25904, 14, 2023/02/16, 16:31:32.254, 1375499372186, vstest.console.dll, TcpClientExtensions.MessageLoopAsync: NotifyDataAvailable remoteEndPoint: 127.0.0.1:51322 localEndPoint: 127.0.0.1:51321
TpTrace Verbose: 0 : 25904, 14, 2023/02/16, 16:31:32.255, 1375499374284, vstest.console.dll, TestRequestSender.OnExecutionMessageReceived: Received message: {"Version":7,"MessageType":"TestSession.Message","Payload":{"MessageLevel":1,"Message":"Given that I have a Calculator\r\nCreate Calculator Object ....\r\n-> done: CalculatorStepDefinitions.GivenThatIHaveACalculator() (0.0s)\r\nWhen 50 and 70 are added\r\n-> done: CalculatorStepDefinitions.WhenAndAreAdded(50, 70) (0.0s)\r\nThen the result should be 120\r\n-> done: CalculatorStepDefinitions.ThenTheResultShouldBe(120) (0.0s)\r\n"}}
TpTrace Verbose: 0 : 25904, 14, 2023/02/16, 16:31:32.255, 1375499375570, vstest.console.dll, TestRunRequest:SendTestRunMessage: Starting.
TpTrace Verbose: 0 : 25904, 14, 2023/02/16, 16:31:32.255, 1375499376101, vstest.console.dll, MulticastDelegateUtilities.SafeInvoke: TestRun.LogMessages: Invoking callback 1/1 for Microsoft.VisualStudio.TestPlatform.CommandLine.TestRunResultAggregator., took 0 ms.
TpTrace Information: 0 : 25904, 14, 2023/02/16, 16:31:32.255, 1375499376399, vstest.console.dll, TestRunRequest:SendTestRunMessage: Completed.
TpTrace Verbose: 0 : 25904, 14, 2023/02/16, 16:31:32.255, 1375499376722, vstest.console.dll, MulticastDelegateUtilities.SafeInvoke: LengthPrefixCommunicationChannel: MessageReceived: Invoking callback 1/1 for Microsoft.VisualStudio.TestPlatform.CommunicationUtilities.TestRequestSender+<>c__DisplayClass31_0., took 0 ms.
TpTrace Verbose: 0 : 25904, 14, 2023/02/16, 16:31:32.255, 1375499377023, vstest.console.dll, TcpClientExtensions.MessageLoopAsync: Polling on remoteEndPoint: 127.0.0.1:51322 localEndPoint: 127.0.0.1:51321
TpTrace Verbose: 0 : 25904, 4, 2023/02/16, 16:31:32.255, 1375499377950, vstest.console.dll, MulticastDelegateUtilities.SafeInvoke: InternalTestLoggerEvents.SendTestRunMessage: Invoking callback 1/1 for Microsoft.VisualStudio.TestPlatform.CommandLine.Internal.ConsoleLogger., took 0 ms.
TpTrace Verbose: 0 : 25904, 14, 2023/02/16, 16:31:32.272, 1375499545425, vstest.console.dll, TcpClientExtensions.MessageLoopAsync: NotifyDataAvailable remoteEndPoint: 127.0.0.1:51322 localEndPoint: 127.0.0.1:51321
TpTrace Verbose: 0 : 25904, 14, 2023/02/16, 16:31:32.272, 1375499547123, vstest.console.dll, TestRequestSender.OnExecutionMessageReceived: Received message: {"Version":7,"MessageType":"TestSession.Message","Payload":{"MessageLevel":1,"Message":"Given that I have a Calculator\r\nCreate Calculator Object ....\r\n-> done: CalculatorStepDefinitions.GivenThatIHaveACalculator() (0.0s)\r\nWhen 30 and 70 are added\r\n-> done: CalculatorStepDefinitions.WhenAndAreAdded(30, 70) (0.0s)\r\nThen the result should be 105\r\n-> error:   Expected: True\r\n  But was:  False\r\n (0.0s)\r\n"}}
TpTrace Verbose: 0 : 25904, 14, 2023/02/16, 16:31:32.272, 1375499548254, vstest.console.dll, TestRunRequest:SendTestRunMessage: Starting.
TpTrace Verbose: 0 : 25904, 14, 2023/02/16, 16:31:32.272, 1375499548795, vstest.console.dll, MulticastDelegateUtilities.SafeInvoke: TestRun.LogMessages: Invoking callback 1/1 for Microsoft.VisualStudio.TestPlatform.CommandLine.TestRunResultAggregator., took 0 ms.
TpTrace Information: 0 : 25904, 14, 2023/02/16, 16:31:32.272, 1375499549010, vstest.console.dll, TestRunRequest:SendTestRunMessage: Completed.
TpTrace Verbose: 0 : 25904, 14, 2023/02/16, 16:31:32.272, 1375499549224, vstest.console.dll, MulticastDelegateUtilities.SafeInvoke: LengthPrefixCommunicationChannel: MessageReceived: Invoking callback 1/1 for Microsoft.VisualStudio.TestPlatform.CommunicationUtilities.TestRequestSender+<>c__DisplayClass31_0., took 0 ms.
TpTrace Verbose: 0 : 25904, 4, 2023/02/16, 16:31:32.272, 1375499549410, vstest.console.dll, MulticastDelegateUtilities.SafeInvoke: InternalTestLoggerEvents.SendTestRunMessage: Invoking callback 1/1 for Microsoft.VisualStudio.TestPlatform.CommandLine.Internal.ConsoleLogger., took 0 ms.
TpTrace Verbose: 0 : 25904, 14, 2023/02/16, 16:31:32.272, 1375499550061, vstest.console.dll, TcpClientExtensions.MessageLoopAsync: Polling on remoteEndPoint: 127.0.0.1:51322 localEndPoint: 127.0.0.1:51321
TpTrace Verbose: 0 : 25904, 14, 2023/02/16, 16:31:32.539, 1375502214898, vstest.console.dll, TcpClientExtensions.MessageLoopAsync: NotifyDataAvailable remoteEndPoint: 127.0.0.1:51322 localEndPoint: 127.0.0.1:51321
TpTrace Verbose: 0 : 25904, 14, 2023/02/16, 16:31:32.539, 1375502216545, vstest.console.dll, TestRequestSender.OnExecutionMessageReceived: Received message: {"Version":7,"MessageType":"TestSession.Message","Payload":{"MessageLevel":0,"Message":"NUnit Adapter 4.3.1.0: Test execution complete"}}
TpTrace Verbose: 0 : 25904, 14, 2023/02/16, 16:31:32.539, 1375502217569, vstest.console.dll, TestRunRequest:SendTestRunMessage: Starting.
TpTrace Verbose: 0 : 25904, 14, 2023/02/16, 16:31:32.539, 1375502218016, vstest.console.dll, MulticastDelegateUtilities.SafeInvoke: TestRun.LogMessages: Invoking callback 1/1 for Microsoft.VisualStudio.TestPlatform.CommandLine.TestRunResultAggregator., took 0 ms.
TpTrace Information: 0 : 25904, 14, 2023/02/16, 16:31:32.539, 1375502218204, vstest.console.dll, TestRunRequest:SendTestRunMessage: Completed.
TpTrace Verbose: 0 : 25904, 14, 2023/02/16, 16:31:32.539, 1375502218370, vstest.console.dll, MulticastDelegateUtilities.SafeInvoke: LengthPrefixCommunicationChannel: MessageReceived: Invoking callback 1/1 for Microsoft.VisualStudio.TestPlatform.CommunicationUtilities.TestRequestSender+<>c__DisplayClass31_0., took 0 ms.
TpTrace Verbose: 0 : 25904, 4, 2023/02/16, 16:31:32.539, 1375502218322, vstest.console.dll, MulticastDelegateUtilities.SafeInvoke: InternalTestLoggerEvents.SendTestRunMessage: Invoking callback 1/1 for Microsoft.VisualStudio.TestPlatform.CommandLine.Internal.ConsoleLogger., took 0 ms.
TpTrace Verbose: 0 : 25904, 14, 2023/02/16, 16:31:32.539, 1375502218723, vstest.console.dll, TcpClientExtensions.MessageLoopAsync: Polling on remoteEndPoint: 127.0.0.1:51322 localEndPoint: 127.0.0.1:51321
TpTrace Verbose: 0 : 25904, 14, 2023/02/16, 16:31:32.577, 1375502593811, vstest.console.dll, TcpClientExtensions.MessageLoopAsync: NotifyDataAvailable remoteEndPoint: 127.0.0.1:51322 localEndPoint: 127.0.0.1:51321
TpTrace Verbose: 0 : 25904, 14, 2023/02/16, 16:31:32.577, 1375502597137, vstest.console.dll, TestRequestSender.OnExecutionMessageReceived: Received message: {"Version":7,"MessageType":"TestExecution.Completed","Payload":{"TestRunCompleteArgs":{"TestRunStatistics":{"ExecutedTests":2,"Stats":{"Passed":1,"Failed":1}},"IsCanceled":false,"IsAborted":false,"Error":null,"AttachmentSets":[],"InvokedDataCollectors":[],"ElapsedTimeInRunningTests":"00:00:00.6802980","Metrics":{},"DiscoveredExtensions":{"TestDiscoverers":["NUnit.VisualStudio.TestAdapter.NUnit3TestDiscoverer, NUnit3.TestAdapter, Version=4.3.1.0, Culture=neutral, PublicKeyToken=4cb40d35494691ac"],"TestExecutors":["executor://NUnit3TestExecutor"],"TestExecutors2":[],"TestSettingsProviders":[]}},"LastRunTests":{"NewTestResults":[{"TestCase":{"Id":"ee2a8595-efd8-f46e-4857-5d1284fe90c9","FullyQualifiedName":"SpecFlowIntro.Features.CalculatorFeature.Adding2NumsTogether(\"50\",\"70\",\"120\",null)","DisplayName":"Adding2NumsTogether(\"50\",\"70\",\"120\",null)","ExecutorUri":"executor://NUnit3TestExecutor","Source":"C:\\Users\\mpcat\\RevatureTraining\\MasonC\\Interviews\\Geico\\SpecFlowIntro\\SpecFlowIntro\\bin\\Debug\\net6.0\\fine-code-coverage\\build-output\\SpecFlowIntro.dll","CodeFilePath":null,"LineNumber":0,"Properties":[{"Key":{"Id":"NUnit.Seed","Label":"Seed","Category":"","Description":"","Attributes":0,"ValueType":"System.String"},"Value":"315535138"}]},"Attachments":[],"Outcome":1,"ErrorMessage":null,"ErrorStackTrace":null,"DisplayName":"Adding2NumsTogether(\"50\",\"70\",\"120\",null)","Messages":[{"Category":"StdOutMsgs","Text":"Given that I have a Calculator\r\nCreate Calculator Object ....\r\n-> done: CalculatorStepDefinitions.GivenThatIHaveACalculator() (0.0s)\r\nWhen 50 and 70 are added\r\n-> done: CalculatorStepDefinitions.WhenAndAreAdded(50, 70) (0.0s)\r\nThen the result should be 120\r\n-> done: CalculatorStepDefinitions.ThenTheResultShouldBe(120) (0.0s)\r\n"}],"ComputerName":"DESKTOP-C46S740","Duration":"00:00:00.0237740","StartTime":"2023-02-16T21:31:32.2063439+00:00","EndTime":"2023-02-16T21:31:32.2300418+00:00","Properties":[{"Key":{"Id":"NUnit.Seed","Label":"Seed","Category":"","Description":"","Attributes":0,"ValueType":"System.String"},"Value":"315535138"}]},{"TestCase":{"Id":"764d7ca2-37f3-b7b5-c20e-70b587f41b50","FullyQualifiedName":"SpecFlowIntro.Features.CalculatorFeature.Adding2NumsTogether(\"30\",\"70\",\"105\",null)","DisplayName":"Adding2NumsTogether(\"30\",\"70\",\"105\",null)","ExecutorUri":"executor://NUnit3TestExecutor","Source":"C:\\Users\\mpcat\\RevatureTraining\\MasonC\\Interviews\\Geico\\SpecFlowIntro\\SpecFlowIntro\\bin\\Debug\\net6.0\\fine-code-coverage\\build-output\\SpecFlowIntro.dll","CodeFilePath":null,"LineNumber":0,"Properties":[{"Key":{"Id":"NUnit.Seed","Label":"Seed","Category":"","Description":"","Attributes":0,"ValueType":"System.String"},"Value":"1578552073"}]},"Attachments":[],"Outcome":2,"ErrorMessage":"  Expected: True\r\n  But was:  False\r\n","ErrorStackTrace":"   at SpecFlowIntro.StepDefinitions.CalculatorStepDefinitions.ThenTheResultShouldBe(Int32 result) in C:\\Users\\mpcat\\RevatureTraining\\MasonC\\Interviews\\Geico\\SpecFlowIntro\\SpecFlowIntro\\StepDefinitions\\CalculatorStepDefinitions.cs:line 57\r\n   at TechTalk.SpecFlow.Bindings.BindingInvoker.InvokeBinding(IBinding binding, IContextManager contextManager, Object[] arguments, ITestTracer testTracer, TimeSpan& duration)\r\n   at TechTalk.SpecFlow.Infrastructure.TestExecutionEngine.ExecuteStepMatch(BindingMatch match, Object[] arguments, TimeSpan& duration)\r\n   at TechTalk.SpecFlow.Infrastructure.TestExecutionEngine.ExecuteStep(IContextManager contextManager, StepInstance stepInstance)\r\n   at TechTalk.SpecFlow.Infrastructure.TestExecutionEngine.OnAfterLastStep()\r\n   at TechTalk.SpecFlow.TestRunner.CollectScenarioErrors()\r\n   at SpecFlowIntro.Features.CalculatorFeature.ScenarioCleanup()\r\n   at SpecFlowIntro.Features.CalculatorFeature.Adding2NumsTogether(String num1, String num2, String result, String[] exampleTags) in C:\\Users\\mpcat\\RevatureTraining\\MasonC\\Interviews\\Geico\\SpecFlowIntro\\SpecFlowIntro\\Features\\Calculator.feature:line 28\r\n\n1)    at SpecFlowIntro.StepDefinitions.CalculatorStepDefinitions.ThenTheResultShouldBe(Int32 result) in C:\\Users\\mpcat\\RevatureTraining\\MasonC\\Interviews\\Geico\\SpecFlowIntro\\SpecFlowIntro\\StepDefinitions\\CalculatorStepDefinitions.cs:line 57\r\n\n","DisplayName":"Adding2NumsTogether(\"30\",\"70\",\"105\",null)","Messages":[{"Category":"StdOutMsgs","Text":"Given that I have a Calculator\r\nCreate Calculator Object ....\r\n-> done: CalculatorStepDefinitions.GivenThatIHaveACalculator() (0.0s)\r\nWhen 30 and 70 are added\r\n-> done: CalculatorStepDefinitions.WhenAndAreAdded(30, 70) (0.0s)\r\nThen the result should be 105\r\n-> error:   Expected: True\r\n  But was:  False\r\n (0.0s)\r\n"}],"ComputerName":"DESKTOP-C46S740","Duration":"00:00:00.0280950","StartTime":"2023-02-16T21:31:32.2312259+00:00","EndTime":"2023-02-16T21:31:32.2593209+00:00","Properties":[{"Key":{"Id":"NUnit.Seed","Label":"Seed","Category":"","Description":"","Attributes":0,"ValueType":"System.String"},"Value":"1578552073"}]}],"TestRunStatistics":{"ExecutedTests":2,"Stats":{"Passed":1,"Failed":1}},"ActiveTests":[]},"RunAttachments":[],"ExecutorUris":["executor://nunit3testexecutor/"]}}
TpTrace Verbose: 0 : 25904, 14, 2023/02/16, 16:31:32.577, 1375502598599, vstest.console.dll, TestRequestSender.EndSession: Sending end session.
TpTrace Verbose: 0 : 25904, 14, 2023/02/16, 16:31:32.577, 1375502600897, vstest.console.dll, ProxyOperationManager.Close: waiting for test host to exit for 100 ms
TpTrace Warning: 0 : 25904, 12, 2023/02/16, 16:31:32.592, 1375502747404, vstest.console.dll, TestHostManagerCallbacks.ErrorReceivedCallback Test host standard error line: 
TpTrace Verbose: 0 : 25904, 12, 2023/02/16, 16:31:32.599, 1375502816098, vstest.console.dll, TestHostProvider.ExitCallBack: Host exited starting callback.
TpTrace Information: 0 : 25904, 12, 2023/02/16, 16:31:32.599, 1375502817469, vstest.console.dll, TestHostManagerCallbacks.ExitCallBack: Testhost processId: 37332 exited with exitcode: 0 error: ''
TpTrace Verbose: 0 : 25904, 12, 2023/02/16, 16:31:32.599, 1375502817793, vstest.console.dll, DotnetTestHostManager.OnHostExited: invoking OnHostExited callback
TpTrace Verbose: 0 : 25904, 12, 2023/02/16, 16:31:32.599, 1375502818133, vstest.console.dll, CrossPlatEngine.TestHostManagerHostExited: calling on client process exit callback.
TpTrace Information: 0 : 25904, 12, 2023/02/16, 16:31:32.599, 1375502818465, vstest.console.dll, TestRequestSender.OnClientProcessExit: Test host process exited. Standard error: 
TpTrace Information: 0 : 25904, 12, 2023/02/16, 16:31:32.599, 1375502818716, vstest.console.dll, SocketServer.Stop: Stop server endPoint: 127.0.0.1:51321
TpTrace Information: 0 : 25904, 12, 2023/02/16, 16:31:32.599, 1375502818885, vstest.console.dll, SocketServer.Stop: Cancellation requested. Stopping message loop.
TpTrace Information: 0 : 25904, 14, 2023/02/16, 16:31:32.599, 1375502819044, vstest.console.dll, SocketServer.Stop: Stop server endPoint: 127.0.0.1:51321
TpTrace Information: 0 : 25904, 14, 2023/02/16, 16:31:32.599, 1375502819522, vstest.console.dll, SocketServer.Stop: Cancellation requested. Stopping message loop.
TpTrace Verbose: 0 : 25904, 12, 2023/02/16, 16:31:32.599, 1375502819554, vstest.console.dll, MulticastDelegateUtilities.SafeInvoke: HostProviderEvents.OnHostExited: Invoking callback 1/1 for Microsoft.VisualStudio.TestPlatform.CrossPlatEngine.Client.ProxyOperationManager., took 0 ms.
TpTrace Information: 0 : 25904, 14, 2023/02/16, 16:31:32.599, 1375502819940, vstest.console.dll, Closing the connection
TpTrace Verbose: 0 : 25904, 14, 2023/02/16, 16:31:32.599, 1375502821797, vstest.console.dll, ProxyDataCollectionManager.InvokeDataCollectionServiceAction: Starting.
TpTrace Information: 0 : 25904, 14, 2023/02/16, 16:31:32.599, 1375502822127, vstest.console.dll, ProxyDataCollectionManager.AfterTestRunEnd: Get attachment set and invoked data collectors processId: 36904 port: 51316
TpTrace Verbose: 0 : 25904, 14, 2023/02/16, 16:31:32.599, 1375502822429, vstest.console.dll, DataCollectionRequestSender.SendAfterTestRunStartAndGetResult: Send AfterTestRunEnd message with isCancelled: False
TpTrace Verbose: 0 : 25904, 14, 2023/02/16, 16:31:32.605, 1375502875087, vstest.console.dll, DataCollectionRequestSender.SendAfterTestRunStartAndGetResult: Received message: (DataCollection.AfterTestRunEndResult) -> {"MessageType":"DataCollection.AfterTestRunEndResult","Payload":{"AttachmentSets":[],"InvokedDataCollectors":[{"Uri":"datacollector://Microsoft/TestPlatform/Extensions/Blame/v1","FriendlyName":"Blame","AssemblyQualifiedName":"Microsoft.TestPlatform.Extensions.BlameDataCollector.BlameCollector, Microsoft.TestPlatform.Extensions.BlameDataCollector, Version=15.0.0.0, Culture=neutral, PublicKeyToken=b03f5f7f11d50a3a","FilePath":"C:\\Program Files\\dotnet\\sdk\\7.0.102\\Extensions\\Microsoft.TestPlatform.Extensions.BlameDataCollector.dll","HasAttachmentProcessor":false}],"Metrics":{}}}
TpTrace Warning: 0 : 25904, 10, 2023/02/16, 16:31:32.609, 1375502913989, vstest.console.dll, DataCollectionLauncher.ErrorReceivedCallback datacollector standard error line: 
TpTrace Information: 0 : 25904, 14, 2023/02/16, 16:31:32.610, 1375502928303, vstest.console.dll, ProxyDataCollectionManager.InvokeDataCollectionServiceAction: Completed.
TpTrace Information: 0 : 25904, 10, 2023/02/16, 16:31:32.614, 1375502965903, vstest.console.dll, DataCollectionLauncher.ExitCallBack: Data collector exited with exitcode: 0 error: ''
TpTrace Verbose: 0 : 25904, 14, 2023/02/16, 16:31:32.660, 1375503432029, vstest.console.dll, TestRunRequest:SendTestRunStatsChange: Starting.
TpTrace Verbose: 0 : 25904, 14, 2023/02/16, 16:31:32.661, 1375503434850, vstest.console.dll, MulticastDelegateUtilities.SafeInvoke: TestRun.RunStatsChanged: Invoking callbacks was skipped because there are no subscribers.
TpTrace Information: 0 : 25904, 14, 2023/02/16, 16:31:32.661, 1375503435132, vstest.console.dll, TestRunRequest:SendTestRunStatsChange: Completed.
TpTrace Verbose: 0 : 25904, 14, 2023/02/16, 16:31:32.661, 1375503438917, vstest.console.dll, ParallelProxyExecutionManager: HandlePartialRunComplete: Total completed clients = 1, Run complete = True, Run canceled: False.
TpTrace Verbose: 0 : 25904, 4, 2023/02/16, 16:31:32.662, 1375503448678, vstest.console.dll, MulticastDelegateUtilities.SafeInvoke: InternalTestLoggerEvents.SendTestResult: Invoking callback 1/1 for Microsoft.VisualStudio.TestPlatform.CommandLine.Internal.ConsoleLogger., took 1 ms.
TpTrace Verbose: 0 : 25904, 4, 2023/02/16, 16:31:32.663, 1375503457179, vstest.console.dll, MulticastDelegateUtilities.SafeInvoke: InternalTestLoggerEvents.SendTestResult: Invoking callback 1/1 for Microsoft.VisualStudio.TestPlatform.CommandLine.Internal.ConsoleLogger., took 0 ms.
TpTrace Verbose: 0 : 25904, 4, 2023/02/16, 16:31:32.669, 1375503522399, vstest.console.dll, MulticastDelegateUtilities.SafeInvoke: InternalTestLoggerEvents.SendTestRunComplete: Invoking callback 1/2 for Microsoft.TestPlatform.Extensions.BlameDataCollector.BlameLogger., took 0 ms.
TpTrace Verbose: 0 : 25904, 4, 2023/02/16, 16:31:32.674, 1375503565771, vstest.console.dll, MulticastDelegateUtilities.SafeInvoke: InternalTestLoggerEvents.SendTestRunComplete: Invoking callback 2/2 for Microsoft.VisualStudio.TestPlatform.CommandLine.Internal.ConsoleLogger., took 4 ms.
TpTrace Verbose: 0 : 25904, 14, 2023/02/16, 16:31:32.674, 1375503570883, vstest.console.dll, TestRunRequest:TestRunComplete: Starting. IsAborted:False IsCanceled:False.
TpTrace Verbose: 0 : 25904, 14, 2023/02/16, 16:31:32.676, 1375503586955, vstest.console.dll, TestLoggerManager.HandleTestRunComplete: Ignoring as the object is disposed.
TpTrace Verbose: 0 : 25904, 14, 2023/02/16, 16:31:32.676, 1375503589722, vstest.console.dll, MulticastDelegateUtilities.SafeInvoke: TestRun.TestRunComplete: Invoking callback 1/2 for Microsoft.VisualStudio.TestPlatform.CommandLine.TestRunResultAggregator., took 0 ms.
TpTrace Verbose: 0 : 25904, 14, 2023/02/16, 16:31:32.676, 1375503591092, vstest.console.dll, MulticastDelegateUtilities.SafeInvoke: TestRun.TestRunComplete: Invoking callback 2/2 for Microsoft.VisualStudio.TestPlatform.CommandLine.Processors.RunTestsArgumentExecutor+TestRunRequestEventsRegistrar., took 0 ms.
TpTrace Information: 0 : 25904, 14, 2023/02/16, 16:31:32.676, 1375503592089, vstest.console.dll, TestRunRequest:TestRunComplete: Completed.
TpTrace Verbose: 0 : 25904, 14, 2023/02/16, 16:31:32.676, 1375503592533, vstest.console.dll, TestRequestSender.SetOperationComplete: Setting operation complete.
TpTrace Verbose: 0 : 25904, 1, 2023/02/16, 16:31:32.676, 1375503592508, vstest.console.dll, TestRunRequest.Dispose: Starting.
TpTrace Information: 0 : 25904, 14, 2023/02/16, 16:31:32.676, 1375503592847, vstest.console.dll, SocketServer.Stop: Stop server endPoint: 127.0.0.1:51321
TpTrace Information: 0 : 25904, 1, 2023/02/16, 16:31:32.676, 1375503593408, vstest.console.dll, TestRunRequest.Dispose: Completed.
TpTrace Information: 0 : 25904, 14, 2023/02/16, 16:31:32.677, 1375503593808, vstest.console.dll, SocketServer.Stop: Cancellation requested. Stopping message loop.
TpTrace Information: 0 : 25904, 1, 2023/02/16, 16:31:32.677, 1375503594183, vstest.console.dll, TestRequestManager.RunTests: run tests completed.
TpTrace Verbose: 0 : 25904, 14, 2023/02/16, 16:31:32.677, 1375503594395, vstest.console.dll, MulticastDelegateUtilities.SafeInvoke: LengthPrefixCommunicationChannel: MessageReceived: Invoking callback 1/1 for Microsoft.VisualStudio.TestPlatform.CommunicationUtilities.TestRequestSender+<>c__DisplayClass31_0., took 99 ms.
TpTrace Information: 0 : 25904, 14, 2023/02/16, 16:31:32.677, 1375503594922, vstest.console.dll, SocketServer.PrivateStop: Stopping server endPoint: 127.0.0.1:51321 error: 
TpTrace Information: 0 : 25904, 1, 2023/02/16, 16:31:32.677, 1375503595362, vstest.console.dll, RunTestsArgumentProcessor:Execute: Test run is completed.
TpTrace Verbose: 0 : 25904, 1, 2023/02/16, 16:31:32.677, 1375503596718, vstest.console.dll, Executor.Execute: Exiting with exit code of 1
TpTrace Verbose: 0 : 25904, 14, 2023/02/16, 16:31:32.677, 1375503598430, vstest.console.dll, LengthPrefixCommunicationChannel.Dispose: Dispose reader and writer.
TpTrace Information: 0 : 25904, 14, 2023/02/16, 16:31:32.677, 1375503598968, vstest.console.dll, SocketServer.Stop: Raise disconnected event endPoint: 127.0.0.1:51321 error: 
TpTrace Verbose: 0 : 25904, 14, 2023/02/16, 16:31:32.677, 1375503599531, vstest.console.dll, TestRequestSender: OnTestRunAbort: Operation is already complete. Skip error message.
TpTrace Verbose: 0 : 25904, 14, 2023/02/16, 16:31:32.677, 1375503599747, vstest.console.dll, MulticastDelegateUtilities.SafeInvoke: SocketServer: ClientDisconnected: Invoking callback 1/1 for Microsoft.VisualStudio.TestPlatform.CommunicationUtilities.TestRequestSender., took 0 ms.
TpTrace Verbose: 0 : 25904, 14, 2023/02/16, 16:31:32.677, 1375503599956, vstest.console.dll, TcpClientExtensions.MessageLoopAsync: exiting MessageLoopAsync remoteEndPoint: 127.0.0.1:51322 localEndPoint: 127.0.0.1:51321
